
============================================================
π/2 Hebbian Training Setup
============================================================
GPU: Tesla P40 (23.9GB)

Model: 1.57B (2304h, 24L)
π/2 Model Created
  Parameters: 1,681,224,192
  Hidden: 2304
  Layers: 24
  Heads: 18
  Weight std (expected): 0.012732
  Weight std (actual):   0.012730
  π/2 = 1.570796

Applying π/2 phase quantization...
  Magnitude params: 1,831,993,344
  Memory estimate: 7328.0 MB

Resuming from: output_model_b/checkpoints/hebbian_step_5000B.pt
  Loaded checkpoint from step 5000
  Previous avg loss: 0.0910

GPU memory used: 9.16 GB

Loading data: Training PI/Phase2(A-TalkSmart)/pi_encoded_phase2.jsonl

============================================================
Starting π/2 Hebbian Training
============================================================
Learning rate: 0.001
Steps: 5000
Rotation angles: [0.0, 1.570796, 3.141593, 4.712389]
============================================================

Step 10/5000 | Consistency: 0.0878 | Avg: 0.0612 | Samples/s: 1
Step 20/5000 | Consistency: 0.1286 | Avg: 0.0888 | Samples/s: 1
Step 30/5000 | Consistency: 0.1242 | Avg: 0.1019 | Samples/s: 1
Step 40/5000 | Consistency: 0.0420 | Avg: 0.0923 | Samples/s: 1
Step 50/5000 | Consistency: 0.0468 | Avg: 0.0837 | Samples/s: 1
Step 60/5000 | Consistency: 0.0868 | Avg: 0.0817 | Samples/s: 1
Step 70/5000 | Consistency: 0.1492 | Avg: 0.0856 | Samples/s: 1
Step 80/5000 | Consistency: 0.1752 | Avg: 0.0916 | Samples/s: 1
Step 90/5000 | Consistency: 0.0472 | Avg: 0.0892 | Samples/s: 1
Step 100/5000 | Consistency: 0.0626 | Avg: 0.0862 | Samples/s: 1
Step 110/5000 | Consistency: 0.1964 | Avg: 0.0913 | Samples/s: 1
Step 120/5000 | Consistency: 0.1025 | Avg: 0.0913 | Samples/s: 1
Step 130/5000 | Consistency: 0.0833 | Avg: 0.0900 | Samples/s: 1
Step 140/5000 | Consistency: 0.2169 | Avg: 0.0952 | Samples/s: 1
Step 150/5000 | Consistency: 0.1101 | Avg: 0.0975 | Samples/s: 1
Step 160/5000 | Consistency: 0.1979 | Avg: 0.1023 | Samples/s: 1
Step 170/5000 | Consistency: 0.2209 | Avg: 0.1064 | Samples/s: 1
Step 180/5000 | Consistency: 0.0252 | Avg: 0.1087 | Samples/s: 1
Step 190/5000 | Consistency: 0.1901 | Avg: 0.1090 | Samples/s: 1
Step 200/5000 | Consistency: 0.1453 | Avg: 0.1090 | Samples/s: 1
Step 210/5000 | Consistency: 0.0255 | Avg: 0.1123 | Samples/s: 1
Step 220/5000 | Consistency: 0.1150 | Avg: 0.1101 | Samples/s: 1
Step 230/5000 | Consistency: 0.1130 | Avg: 0.1093 | Samples/s: 1
Step 240/5000 | Consistency: 0.2066 | Avg: 0.1121 | Samples/s: 1
Step 250/5000 | Consistency: 0.0848 | Avg: 0.1089 | Samples/s: 1
Step 260/5000 | Consistency: 0.0465 | Avg: 0.1085 | Samples/s: 1
Step 270/5000 | Consistency: 0.1826 | Avg: 0.1091 | Samples/s: 1
Step 280/5000 | Consistency: 0.0366 | Avg: 0.1073 | Samples/s: 1
Step 290/5000 | Consistency: 0.0245 | Avg: 0.1057 | Samples/s: 1
Step 300/5000 | Consistency: 0.0546 | Avg: 0.1035 | Samples/s: 1
Step 310/5000 | Consistency: 0.0247 | Avg: 0.1018 | Samples/s: 1
Step 320/5000 | Consistency: 0.0791 | Avg: 0.1001 | Samples/s: 1
Step 330/5000 | Consistency: 0.0348 | Avg: 0.0983 | Samples/s: 1
Step 340/5000 | Consistency: 0.0234 | Avg: 0.0969 | Samples/s: 1
Step 350/5000 | Consistency: 0.0720 | Avg: 0.0953 | Samples/s: 1
Step 360/5000 | Consistency: 0.0864 | Avg: 0.0942 | Samples/s: 1
Step 370/5000 | Consistency: 0.0195 | Avg: 0.0940 | Samples/s: 1
Step 380/5000 | Consistency: 0.0484 | Avg: 0.0923 | Samples/s: 1
Step 390/5000 | Consistency: 0.0445 | Avg: 0.0911 | Samples/s: 1
Step 400/5000 | Consistency: 0.1350 | Avg: 0.0907 | Samples/s: 1
Step 410/5000 | Consistency: 0.0283 | Avg: 0.0893 | Samples/s: 1
Step 420/5000 | Consistency: 0.0472 | Avg: 0.0881 | Samples/s: 1
Step 430/5000 | Consistency: 0.1277 | Avg: 0.0881 | Samples/s: 1
Step 440/5000 | Consistency: 0.0389 | Avg: 0.0873 | Samples/s: 1
Step 450/5000 | Consistency: 0.0331 | Avg: 0.0860 | Samples/s: 1
Step 460/5000 | Consistency: 0.0425 | Avg: 0.0853 | Samples/s: 1
Step 470/5000 | Consistency: 0.0264 | Avg: 0.0844 | Samples/s: 1
Step 480/5000 | Consistency: 0.0891 | Avg: 0.0837 | Samples/s: 1
Step 490/5000 | Consistency: 0.0359 | Avg: 0.0827 | Samples/s: 1
Step 500/5000 | Consistency: 0.0249 | Avg: 0.0821 | Samples/s: 1
  → Saved checkpoint: hebbian_step_500.pt
Step 510/5000 | Consistency: 0.0437 | Avg: 0.0811 | Samples/s: 1
Step 520/5000 | Consistency: 0.1122 | Avg: 0.0807 | Samples/s: 1
Step 530/5000 | Consistency: 0.0273 | Avg: 0.0800 | Samples/s: 1
Step 540/5000 | Consistency: 0.0452 | Avg: 0.0792 | Samples/s: 1
Step 550/5000 | Consistency: 0.0473 | Avg: 0.0786 | Samples/s: 1
Step 560/5000 | Consistency: 0.0678 | Avg: 0.0780 | Samples/s: 1
Step 570/5000 | Consistency: 0.0370 | Avg: 0.0772 | Samples/s: 1
Step 580/5000 | Consistency: 0.0414 | Avg: 0.0768 | Samples/s: 1
Step 590/5000 | Consistency: 0.0486 | Avg: 0.0763 | Samples/s: 1
Step 600/5000 | Consistency: 0.0469 | Avg: 0.0757 | Samples/s: 1
Step 610/5000 | Consistency: 0.0340 | Avg: 0.0754 | Samples/s: 1
Step 620/5000 | Consistency: 0.0343 | Avg: 0.0749 | Samples/s: 1
Step 630/5000 | Consistency: 0.0354 | Avg: 0.0744 | Samples/s: 1
Step 640/5000 | Consistency: 0.0519 | Avg: 0.0738 | Samples/s: 1
Step 650/5000 | Consistency: 0.0295 | Avg: 0.0737 | Samples/s: 1
Step 660/5000 | Consistency: 0.0326 | Avg: 0.0732 | Samples/s: 1
Step 670/5000 | Consistency: 0.0666 | Avg: 0.0728 | Samples/s: 1
Step 680/5000 | Consistency: 0.1204 | Avg: 0.0727 | Samples/s: 1
Step 690/5000 | Consistency: 0.0338 | Avg: 0.0723 | Samples/s: 1
Step 700/5000 | Consistency: 0.0436 | Avg: 0.0719 | Samples/s: 1
Step 710/5000 | Consistency: 0.0681 | Avg: 0.0716 | Samples/s: 1
Step 720/5000 | Consistency: 0.0983 | Avg: 0.0715 | Samples/s: 1
Step 730/5000 | Consistency: 0.0400 | Avg: 0.0711 | Samples/s: 1
Step 740/5000 | Consistency: 0.0389 | Avg: 0.0708 | Samples/s: 1
Step 750/5000 | Consistency: 0.0747 | Avg: 0.0706 | Samples/s: 1
Step 760/5000 | Consistency: 0.0539 | Avg: 0.0703 | Samples/s: 1
Step 770/5000 | Consistency: 0.0595 | Avg: 0.0699 | Samples/s: 1
Step 780/5000 | Consistency: 0.0524 | Avg: 0.0702 | Samples/s: 1
Step 790/5000 | Consistency: 0.0510 | Avg: 0.0701 | Samples/s: 1
Step 800/5000 | Consistency: 0.0850 | Avg: 0.0699 | Samples/s: 1
Step 810/5000 | Consistency: 0.0518 | Avg: 0.0696 | Samples/s: 1
Step 820/5000 | Consistency: 0.0330 | Avg: 0.0698 | Samples/s: 1
Step 830/5000 | Consistency: 0.0407 | Avg: 0.0694 | Samples/s: 1
Step 840/5000 | Consistency: 0.0911 | Avg: 0.0692 | Samples/s: 1
Step 850/5000 | Consistency: 0.0379 | Avg: 0.0691 | Samples/s: 1
Step 860/5000 | Consistency: 0.0437 | Avg: 0.0688 | Samples/s: 1
Step 870/5000 | Consistency: 0.0832 | Avg: 0.0687 | Samples/s: 1
Step 880/5000 | Consistency: 0.1325 | Avg: 0.0688 | Samples/s: 1
Step 890/5000 | Consistency: 0.0363 | Avg: 0.0685 | Samples/s: 1
Step 900/5000 | Consistency: 0.0594 | Avg: 0.0684 | Samples/s: 1
Step 910/5000 | Consistency: 0.0839 | Avg: 0.0684 | Samples/s: 1
Step 920/5000 | Consistency: 0.0474 | Avg: 0.0682 | Samples/s: 1
Step 930/5000 | Consistency: 0.0497 | Avg: 0.0681 | Samples/s: 1
Step 940/5000 | Consistency: 0.0627 | Avg: 0.0682 | Samples/s: 1
Step 950/5000 | Consistency: 0.0387 | Avg: 0.0681 | Samples/s: 1
Step 960/5000 | Consistency: 0.0835 | Avg: 0.0679 | Samples/s: 1
Step 970/5000 | Consistency: 0.0569 | Avg: 0.0677 | Samples/s: 1
Step 980/5000 | Consistency: 0.0318 | Avg: 0.0678 | Samples/s: 1
Step 990/5000 | Consistency: 0.0594 | Avg: 0.0675 | Samples/s: 1
Step 1000/5000 | Consistency: 0.0938 | Avg: 0.0675 | Samples/s: 1
  → Saved checkpoint: hebbian_step_1000.pt
Step 1010/5000 | Consistency: 0.0334 | Avg: 0.0676 | Samples/s: 1
Step 1020/5000 | Consistency: 0.0409 | Avg: 0.0673 | Samples/s: 1
Step 1030/5000 | Consistency: 0.0854 | Avg: 0.0673 | Samples/s: 1
Step 1040/5000 | Consistency: 0.1291 | Avg: 0.0675 | Samples/s: 1
Step 1050/5000 | Consistency: 0.0345 | Avg: 0.0672 | Samples/s: 1
Step 1060/5000 | Consistency: 0.0586 | Avg: 0.0670 | Samples/s: 1
Step 1070/5000 | Consistency: 0.1217 | Avg: 0.0672 | Samples/s: 1
Step 1080/5000 | Consistency: 0.0491 | Avg: 0.0671 | Samples/s: 1
Step 1090/5000 | Consistency: 0.0538 | Avg: 0.0670 | Samples/s: 1
Step 1100/5000 | Consistency: 0.0695 | Avg: 0.0671 | Samples/s: 1
Step 1110/5000 | Consistency: 0.0411 | Avg: 0.0671 | Samples/s: 1
Step 1120/5000 | Consistency: 0.0725 | Avg: 0.0670 | Samples/s: 1
Step 1130/5000 | Consistency: 0.0638 | Avg: 0.0671 | Samples/s: 1
Step 1140/5000 | Consistency: 0.0467 | Avg: 0.0672 | Samples/s: 1
Step 1150/5000 | Consistency: 0.0856 | Avg: 0.0671 | Samples/s: 1
Step 1160/5000 | Consistency: 0.1242 | Avg: 0.0673 | Samples/s: 1
Step 1170/5000 | Consistency: 0.0361 | Avg: 0.0676 | Samples/s: 1
Step 1180/5000 | Consistency: 0.0524 | Avg: 0.0674 | Samples/s: 1
Step 1190/5000 | Consistency: 0.0812 | Avg: 0.0673 | Samples/s: 1
Step 1200/5000 | Consistency: 0.0994 | Avg: 0.0674 | Samples/s: 1
Step 1210/5000 | Consistency: 0.0352 | Avg: 0.0672 | Samples/s: 1
Step 1220/5000 | Consistency: 0.0723 | Avg: 0.0671 | Samples/s: 1
Step 1230/5000 | Consistency: 0.1146 | Avg: 0.0673 | Samples/s: 1
Step 1240/5000 | Consistency: 0.0537 | Avg: 0.0673 | Samples/s: 1
Step 1250/5000 | Consistency: 0.0473 | Avg: 0.0673 | Samples/s: 1
Step 1260/5000 | Consistency: 0.0885 | Avg: 0.0674 | Samples/s: 1
Step 1270/5000 | Consistency: 0.0490 | Avg: 0.0674 | Samples/s: 1
Step 1280/5000 | Consistency: 0.0854 | Avg: 0.0674 | Samples/s: 1
Step 1290/5000 | Consistency: 0.0745 | Avg: 0.0675 | Samples/s: 1
Step 1300/5000 | Consistency: 0.0449 | Avg: 0.0677 | Samples/s: 1
Step 1310/5000 | Consistency: 0.0673 | Avg: 0.0675 | Samples/s: 1
Step 1320/5000 | Consistency: 0.1174 | Avg: 0.0676 | Samples/s: 1
Step 1330/5000 | Consistency: 0.0496 | Avg: 0.0679 | Samples/s: 1
Step 1340/5000 | Consistency: 0.0563 | Avg: 0.0678 | Samples/s: 1
Step 1350/5000 | Consistency: 0.1081 | Avg: 0.0679 | Samples/s: 1
Step 1360/5000 | Consistency: 0.1611 | Avg: 0.0682 | Samples/s: 1
Step 1370/5000 | Consistency: 0.0525 | Avg: 0.0681 | Samples/s: 1
Step 1380/5000 | Consistency: 0.0499 | Avg: 0.0682 | Samples/s: 1
Step 1390/5000 | Consistency: 0.0954 | Avg: 0.0682 | Samples/s: 1
Step 1400/5000 | Consistency: 0.0488 | Avg: 0.0681 | Samples/s: 1
Step 1410/5000 | Consistency: 0.0441 | Avg: 0.0679 | Samples/s: 1
Step 1420/5000 | Consistency: 0.0552 | Avg: 0.0679 | Samples/s: 1
Step 1430/5000 | Consistency: 0.0467 | Avg: 0.0678 | Samples/s: 1
Step 1440/5000 | Consistency: 0.0656 | Avg: 0.0677 | Samples/s: 1
Step 1450/5000 | Consistency: 0.0468 | Avg: 0.0677 | Samples/s: 1
Step 1460/5000 | Consistency: 0.0389 | Avg: 0.0676 | Samples/s: 1
Step 1470/5000 | Consistency: 0.0458 | Avg: 0.0674 | Samples/s: 1
Step 1480/5000 | Consistency: 0.1994 | Avg: 0.0677 | Samples/s: 1
Step 1490/5000 | Consistency: 0.0537 | Avg: 0.0678 | Samples/s: 1
Step 1500/5000 | Consistency: 0.0565 | Avg: 0.0677 | Samples/s: 1
  → Saved checkpoint: hebbian_step_1500.pt
Step 1510/5000 | Consistency: 0.1730 | Avg: 0.0679 | Samples/s: 1
Step 1520/5000 | Consistency: 0.1473 | Avg: 0.0682 | Samples/s: 1
Step 1530/5000 | Consistency: 0.0505 | Avg: 0.0681 | Samples/s: 1
Step 1540/5000 | Consistency: 0.0704 | Avg: 0.0681 | Samples/s: 1
Step 1550/5000 | Consistency: 0.0854 | Avg: 0.0682 | Samples/s: 1
Step 1560/5000 | Consistency: 0.0538 | Avg: 0.0682 | Samples/s: 1
Step 1570/5000 | Consistency: 0.0388 | Avg: 0.0681 | Samples/s: 1
Step 1580/5000 | Consistency: 0.0717 | Avg: 0.0680 | Samples/s: 1
Step 1590/5000 | Consistency: 0.0455 | Avg: 0.0680 | Samples/s: 1
Step 1600/5000 | Consistency: 0.0567 | Avg: 0.0678 | Samples/s: 1
Step 1610/5000 | Consistency: 0.0547 | Avg: 0.0680 | Samples/s: 1
Step 1620/5000 | Consistency: 0.0536 | Avg: 0.0680 | Samples/s: 1
Step 1630/5000 | Consistency: 0.0674 | Avg: 0.0679 | Samples/s: 1
Step 1640/5000 | Consistency: 0.1189 | Avg: 0.0680 | Samples/s: 1
Step 1650/5000 | Consistency: 0.0500 | Avg: 0.0680 | Samples/s: 1
Step 1660/5000 | Consistency: 0.0529 | Avg: 0.0679 | Samples/s: 1
Step 1670/5000 | Consistency: 0.1583 | Avg: 0.0680 | Samples/s: 1
Step 1680/5000 | Consistency: 0.1374 | Avg: 0.0682 | Samples/s: 1
Step 1690/5000 | Consistency: 0.0462 | Avg: 0.0681 | Samples/s: 1
Step 1700/5000 | Consistency: 0.0589 | Avg: 0.0681 | Samples/s: 1
Step 1710/5000 | Consistency: 0.0697 | Avg: 0.0681 | Samples/s: 1
Step 1720/5000 | Consistency: 0.0513 | Avg: 0.0680 | Samples/s: 1
Step 1730/5000 | Consistency: 0.0671 | Avg: 0.0679 | Samples/s: 1
Step 1740/5000 | Consistency: 0.0646 | Avg: 0.0681 | Samples/s: 1
Step 1750/5000 | Consistency: 0.0529 | Avg: 0.0681 | Samples/s: 1
Step 1760/5000 | Consistency: 0.0762 | Avg: 0.0680 | Samples/s: 1
Step 1770/5000 | Consistency: 0.0561 | Avg: 0.0681 | Samples/s: 1
Step 1780/5000 | Consistency: 0.0528 | Avg: 0.0681 | Samples/s: 1
Step 1790/5000 | Consistency: 0.0726 | Avg: 0.0680 | Samples/s: 1
Step 1800/5000 | Consistency: 0.1052 | Avg: 0.0681 | Samples/s: 1
Step 1810/5000 | Consistency: 0.0527 | Avg: 0.0681 | Samples/s: 1
Step 1820/5000 | Consistency: 0.0579 | Avg: 0.0680 | Samples/s: 1
Step 1830/5000 | Consistency: 0.0979 | Avg: 0.0680 | Samples/s: 1
Step 1840/5000 | Consistency: 0.0988 | Avg: 0.0681 | Samples/s: 1
Step 1850/5000 | Consistency: 0.0415 | Avg: 0.0680 | Samples/s: 1
Step 1860/5000 | Consistency: 0.1449 | Avg: 0.0681 | Samples/s: 1
Step 1870/5000 | Consistency: 0.1059 | Avg: 0.0684 | Samples/s: 1
Step 1880/5000 | Consistency: 0.0684 | Avg: 0.0685 | Samples/s: 1
Step 1890/5000 | Consistency: 0.0663 | Avg: 0.0686 | Samples/s: 1
Step 1900/5000 | Consistency: 0.0813 | Avg: 0.0687 | Samples/s: 1
Step 1910/5000 | Consistency: 0.0622 | Avg: 0.0688 | Samples/s: 1
Step 1920/5000 | Consistency: 0.0804 | Avg: 0.0687 | Samples/s: 1
Step 1930/5000 | Consistency: 0.0634 | Avg: 0.0688 | Samples/s: 1
Step 1940/5000 | Consistency: 0.0621 | Avg: 0.0689 | Samples/s: 1
Step 1950/5000 | Consistency: 0.0630 | Avg: 0.0688 | Samples/s: 1
Step 1960/5000 | Consistency: 0.1796 | Avg: 0.0691 | Samples/s: 1
Step 1970/5000 | Consistency: 0.0739 | Avg: 0.0691 | Samples/s: 1
Step 1980/5000 | Consistency: 0.0659 | Avg: 0.0691 | Samples/s: 1
Step 1990/5000 | Consistency: 0.1198 | Avg: 0.0691 | Samples/s: 1
Step 2000/5000 | Consistency: 0.1163 | Avg: 0.0693 | Samples/s: 1
  → Saved checkpoint: hebbian_step_2000.pt
Step 2010/5000 | Consistency: 0.0535 | Avg: 0.0693 | Samples/s: 1
Step 2020/5000 | Consistency: 0.0834 | Avg: 0.0693 | Samples/s: 1
Step 2030/5000 | Consistency: 0.0889 | Avg: 0.0694 | Samples/s: 1
Step 2040/5000 | Consistency: 0.0705 | Avg: 0.0694 | Samples/s: 1
Step 2050/5000 | Consistency: 0.0736 | Avg: 0.0694 | Samples/s: 1
Step 2060/5000 | Consistency: 0.0616 | Avg: 0.0695 | Samples/s: 1
Step 2070/5000 | Consistency: 0.0612 | Avg: 0.0695 | Samples/s: 1
Step 2080/5000 | Consistency: 0.1008 | Avg: 0.0695 | Samples/s: 1
Step 2090/5000 | Consistency: 0.0729 | Avg: 0.0698 | Samples/s: 1
Step 2100/5000 | Consistency: 0.0822 | Avg: 0.0699 | Samples/s: 1
Step 2110/5000 | Consistency: 0.0960 | Avg: 0.0700 | Samples/s: 1
Step 2120/5000 | Consistency: 0.2030 | Avg: 0.0703 | Samples/s: 1
Step 2130/5000 | Consistency: 0.0994 | Avg: 0.0705 | Samples/s: 1
Step 2140/5000 | Consistency: 0.0983 | Avg: 0.0706 | Samples/s: 1
Step 2150/5000 | Consistency: 0.1358 | Avg: 0.0708 | Samples/s: 1
Step 2160/5000 | Consistency: 0.1353 | Avg: 0.0710 | Samples/s: 1
Step 2170/5000 | Consistency: 0.0597 | Avg: 0.0710 | Samples/s: 1
Step 2180/5000 | Consistency: 0.1074 | Avg: 0.0711 | Samples/s: 1
Step 2190/5000 | Consistency: 0.0990 | Avg: 0.0713 | Samples/s: 1
Step 2200/5000 | Consistency: 0.0791 | Avg: 0.0713 | Samples/s: 1
Step 2210/5000 | Consistency: 0.0724 | Avg: 0.0714 | Samples/s: 1
Step 2220/5000 | Consistency: 0.0990 | Avg: 0.0716 | Samples/s: 1
Step 2230/5000 | Consistency: 0.0793 | Avg: 0.0717 | Samples/s: 1
Step 2240/5000 | Consistency: 0.1375 | Avg: 0.0718 | Samples/s: 1
Step 2250/5000 | Consistency: 0.0668 | Avg: 0.0720 | Samples/s: 1
Step 2260/5000 | Consistency: 0.0843 | Avg: 0.0721 | Samples/s: 1
Step 2270/5000 | Consistency: 0.1079 | Avg: 0.0721 | Samples/s: 1
Step 2280/5000 | Consistency: 0.1747 | Avg: 0.0724 | Samples/s: 1
Step 2290/5000 | Consistency: 0.0935 | Avg: 0.0724 | Samples/s: 1
Step 2300/5000 | Consistency: 0.0707 | Avg: 0.0724 | Samples/s: 1
Step 2310/5000 | Consistency: 0.1019 | Avg: 0.0724 | Samples/s: 1
Step 2320/5000 | Consistency: 0.0916 | Avg: 0.0725 | Samples/s: 1
Step 2330/5000 | Consistency: 0.0534 | Avg: 0.0724 | Samples/s: 1
Step 2340/5000 | Consistency: 0.0824 | Avg: 0.0724 | Samples/s: 1
Step 2350/5000 | Consistency: 0.1163 | Avg: 0.0726 | Samples/s: 1
Step 2360/5000 | Consistency: 0.0739 | Avg: 0.0726 | Samples/s: 1
Step 2370/5000 | Consistency: 0.1017 | Avg: 0.0726 | Samples/s: 1
Step 2380/5000 | Consistency: 0.0786 | Avg: 0.0729 | Samples/s: 1
Step 2390/5000 | Consistency: 0.0684 | Avg: 0.0729 | Samples/s: 1
Step 2400/5000 | Consistency: 0.1553 | Avg: 0.0730 | Samples/s: 1
Step 2410/5000 | Consistency: 0.0691 | Avg: 0.0731 | Samples/s: 1
Step 2420/5000 | Consistency: 0.0804 | Avg: 0.0732 | Samples/s: 1
Step 2430/5000 | Consistency: 0.1320 | Avg: 0.0733 | Samples/s: 1
Step 2440/5000 | Consistency: 0.2230 | Avg: 0.0737 | Samples/s: 1
Step 2450/5000 | Consistency: 0.0958 | Avg: 0.0737 | Samples/s: 1
Step 2460/5000 | Consistency: 0.1531 | Avg: 0.0738 | Samples/s: 1
Step 2470/5000 | Consistency: 0.1191 | Avg: 0.0741 | Samples/s: 1
Step 2480/5000 | Consistency: 0.0912 | Avg: 0.0741 | Samples/s: 1
Step 2490/5000 | Consistency: 0.0544 | Avg: 0.0741 | Samples/s: 1
Step 2500/5000 | Consistency: 0.0847 | Avg: 0.0741 | Samples/s: 1
  → Saved checkpoint: hebbian_step_2500.pt
Step 2510/5000 | Consistency: 0.0671 | Avg: 0.0741 | Samples/s: 1
Step 2520/5000 | Consistency: 0.0730 | Avg: 0.0741 | Samples/s: 1
Step 2530/5000 | Consistency: 0.0981 | Avg: 0.0742 | Samples/s: 1
Step 2540/5000 | Consistency: 0.0783 | Avg: 0.0744 | Samples/s: 1
Step 2550/5000 | Consistency: 0.0848 | Avg: 0.0744 | Samples/s: 1
Step 2560/5000 | Consistency: 0.1931 | Avg: 0.0746 | Samples/s: 1
Step 2570/5000 | Consistency: 0.0967 | Avg: 0.0746 | Samples/s: 1
Step 2580/5000 | Consistency: 0.0716 | Avg: 0.0747 | Samples/s: 1
Step 2590/5000 | Consistency: 0.1652 | Avg: 0.0749 | Samples/s: 1
Step 2600/5000 | Consistency: 0.1602 | Avg: 0.0751 | Samples/s: 1
Step 2610/5000 | Consistency: 0.0884 | Avg: 0.0751 | Samples/s: 1
Step 2620/5000 | Consistency: 0.0790 | Avg: 0.0751 | Samples/s: 1
Step 2630/5000 | Consistency: 0.1149 | Avg: 0.0752 | Samples/s: 1
Step 2640/5000 | Consistency: 0.0673 | Avg: 0.0751 | Samples/s: 1
Step 2650/5000 | Consistency: 0.0541 | Avg: 0.0751 | Samples/s: 1
Step 2660/5000 | Consistency: 0.0980 | Avg: 0.0751 | Samples/s: 1
Step 2670/5000 | Consistency: 0.0932 | Avg: 0.0752 | Samples/s: 1
Step 2680/5000 | Consistency: 0.0762 | Avg: 0.0752 | Samples/s: 1
Step 2690/5000 | Consistency: 0.1220 | Avg: 0.0752 | Samples/s: 1
Step 2700/5000 | Consistency: 0.0829 | Avg: 0.0755 | Samples/s: 1
Step 2710/5000 | Consistency: 0.0850 | Avg: 0.0756 | Samples/s: 1
Step 2720/5000 | Consistency: 0.2103 | Avg: 0.0758 | Samples/s: 1
Step 2730/5000 | Consistency: 0.0682 | Avg: 0.0761 | Samples/s: 1
Step 2740/5000 | Consistency: 0.0823 | Avg: 0.0761 | Samples/s: 1
Step 2750/5000 | Consistency: 0.1580 | Avg: 0.0762 | Samples/s: 1
Step 2760/5000 | Consistency: 0.1565 | Avg: 0.0764 | Samples/s: 1
Step 2770/5000 | Consistency: 0.0858 | Avg: 0.0765 | Samples/s: 1
Step 2780/5000 | Consistency: 0.0820 | Avg: 0.0765 | Samples/s: 1
Step 2790/5000 | Consistency: 0.2217 | Avg: 0.0767 | Samples/s: 1
Step 2800/5000 | Consistency: 0.1445 | Avg: 0.0769 | Samples/s: 1
Step 2810/5000 | Consistency: 0.1427 | Avg: 0.0770 | Samples/s: 1
Step 2820/5000 | Consistency: 0.0868 | Avg: 0.0773 | Samples/s: 1
Step 2830/5000 | Consistency: 0.0567 | Avg: 0.0773 | Samples/s: 1
Step 2840/5000 | Consistency: 0.0756 | Avg: 0.0772 | Samples/s: 1
Step 2850/5000 | Consistency: 0.0593 | Avg: 0.0771 | Samples/s: 1
Step 2860/5000 | Consistency: 0.0829 | Avg: 0.0772 | Samples/s: 1
Step 2870/5000 | Consistency: 0.0700 | Avg: 0.0772 | Samples/s: 1
Step 2880/5000 | Consistency: 0.1380 | Avg: 0.0772 | Samples/s: 1
Step 2890/5000 | Consistency: 0.0538 | Avg: 0.0773 | Samples/s: 1
Step 2900/5000 | Consistency: 0.0642 | Avg: 0.0773 | Samples/s: 1
Step 2910/5000 | Consistency: 0.1605 | Avg: 0.0773 | Samples/s: 1
Step 2920/5000 | Consistency: 0.1912 | Avg: 0.0776 | Samples/s: 1
Step 2930/5000 | Consistency: 0.0884 | Avg: 0.0776 | Samples/s: 1
Step 2940/5000 | Consistency: 0.0945 | Avg: 0.0776 | Samples/s: 1
Step 2950/5000 | Consistency: 0.1453 | Avg: 0.0777 | Samples/s: 1
Step 2960/5000 | Consistency: 0.1035 | Avg: 0.0778 | Samples/s: 1
Step 2970/5000 | Consistency: 0.0824 | Avg: 0.0778 | Samples/s: 1
Step 2980/5000 | Consistency: 0.1256 | Avg: 0.0779 | Samples/s: 1
Step 2990/5000 | Consistency: 0.1030 | Avg: 0.0780 | Samples/s: 1
Step 3000/5000 | Consistency: 0.1036 | Avg: 0.0781 | Samples/s: 1
  → Saved checkpoint: hebbian_step_3000.pt
Step 3010/5000 | Consistency: 0.0739 | Avg: 0.0781 | Samples/s: 1
Step 3020/5000 | Consistency: 0.0867 | Avg: 0.0782 | Samples/s: 1
Step 3030/5000 | Consistency: 0.0770 | Avg: 0.0782 | Samples/s: 1
Step 3040/5000 | Consistency: 0.1216 | Avg: 0.0783 | Samples/s: 1
Step 3050/5000 | Consistency: 0.0663 | Avg: 0.0786 | Samples/s: 1
Step 3060/5000 | Consistency: 0.0800 | Avg: 0.0786 | Samples/s: 1
Step 3070/5000 | Consistency: 0.1919 | Avg: 0.0787 | Samples/s: 1
Step 3080/5000 | Consistency: 0.1770 | Avg: 0.0790 | Samples/s: 1
Step 3090/5000 | Consistency: 0.0822 | Avg: 0.0789 | Samples/s: 1
Step 3100/5000 | Consistency: 0.0630 | Avg: 0.0789 | Samples/s: 1
Step 3110/5000 | Consistency: 0.1940 | Avg: 0.0790 | Samples/s: 1
Step 3120/5000 | Consistency: 0.1026 | Avg: 0.0791 | Samples/s: 1
Step 3130/5000 | Consistency: 0.0642 | Avg: 0.0791 | Samples/s: 1
Step 3140/5000 | Consistency: 0.1183 | Avg: 0.0792 | Samples/s: 1
Step 3150/5000 | Consistency: 0.0847 | Avg: 0.0793 | Samples/s: 1
Step 3160/5000 | Consistency: 0.0796 | Avg: 0.0793 | Samples/s: 1
Step 3170/5000 | Consistency: 0.0627 | Avg: 0.0793 | Samples/s: 1
Step 3180/5000 | Consistency: 0.0565 | Avg: 0.0793 | Samples/s: 1
Step 3190/5000 | Consistency: 0.0567 | Avg: 0.0792 | Samples/s: 1
Step 3200/5000 | Consistency: 0.0588 | Avg: 0.0791 | Samples/s: 1
Step 3210/5000 | Consistency: 0.0618 | Avg: 0.0793 | Samples/s: 1
Step 3220/5000 | Consistency: 0.0690 | Avg: 0.0793 | Samples/s: 1
Step 3230/5000 | Consistency: 0.1069 | Avg: 0.0793 | Samples/s: 1
Step 3240/5000 | Consistency: 0.1557 | Avg: 0.0794 | Samples/s: 1
Step 3250/5000 | Consistency: 0.0827 | Avg: 0.0794 | Samples/s: 1
Step 3260/5000 | Consistency: 0.0974 | Avg: 0.0794 | Samples/s: 1
Step 3270/5000 | Consistency: 0.1050 | Avg: 0.0795 | Samples/s: 1
Step 3280/5000 | Consistency: 0.0834 | Avg: 0.0794 | Samples/s: 1
Step 3290/5000 | Consistency: 0.0652 | Avg: 0.0794 | Samples/s: 1
Step 3300/5000 | Consistency: 0.1668 | Avg: 0.0795 | Samples/s: 1
Step 3310/5000 | Consistency: 0.0865 | Avg: 0.0796 | Samples/s: 1
Step 3320/5000 | Consistency: 0.0828 | Avg: 0.0796 | Samples/s: 1
Step 3330/5000 | Consistency: 0.1331 | Avg: 0.0798 | Samples/s: 1
Step 3340/5000 | Consistency: 0.0676 | Avg: 0.0800 | Samples/s: 1
Step 3350/5000 | Consistency: 0.0720 | Avg: 0.0800 | Samples/s: 1
Step 3360/5000 | Consistency: 0.1802 | Avg: 0.0800 | Samples/s: 1
Step 3370/5000 | Consistency: 0.0552 | Avg: 0.0800 | Samples/s: 1
Step 3380/5000 | Consistency: 0.0619 | Avg: 0.0800 | Samples/s: 1
Step 3390/5000 | Consistency: 0.1148 | Avg: 0.0800 | Samples/s: 1
Step 3400/5000 | Consistency: 0.1397 | Avg: 0.0801 | Samples/s: 1
Step 3410/5000 | Consistency: 0.0651 | Avg: 0.0800 | Samples/s: 1
Step 3420/5000 | Consistency: 0.0809 | Avg: 0.0800 | Samples/s: 1
Step 3430/5000 | Consistency: 0.1984 | Avg: 0.0801 | Samples/s: 1
Step 3440/5000 | Consistency: 0.1380 | Avg: 0.0803 | Samples/s: 1
Step 3450/5000 | Consistency: 0.0926 | Avg: 0.0803 | Samples/s: 1
Step 3460/5000 | Consistency: 0.1459 | Avg: 0.0804 | Samples/s: 1
Step 3470/5000 | Consistency: 0.0685 | Avg: 0.0805 | Samples/s: 1
Step 3480/5000 | Consistency: 0.0746 | Avg: 0.0805 | Samples/s: 1
Step 3490/5000 | Consistency: 0.0790 | Avg: 0.0804 | Samples/s: 1
Step 3500/5000 | Consistency: 0.0662 | Avg: 0.0805 | Samples/s: 1
  → Saved checkpoint: hebbian_step_3500.pt
Step 3510/5000 | Consistency: 0.0657 | Avg: 0.0804 | Samples/s: 1
Step 3520/5000 | Consistency: 0.1250 | Avg: 0.0804 | Samples/s: 1
Step 3530/5000 | Consistency: 0.0631 | Avg: 0.0805 | Samples/s: 1
Step 3540/5000 | Consistency: 0.0649 | Avg: 0.0805 | Samples/s: 1
Step 3550/5000 | Consistency: 0.0885 | Avg: 0.0805 | Samples/s: 1
Step 3560/5000 | Consistency: 0.2073 | Avg: 0.0807 | Samples/s: 1
Step 3570/5000 | Consistency: 0.0803 | Avg: 0.0807 | Samples/s: 1
Step 3580/5000 | Consistency: 0.0741 | Avg: 0.0807 | Samples/s: 1
Step 3590/5000 | Consistency: 0.1952 | Avg: 0.0808 | Samples/s: 1
Step 3600/5000 | Consistency: 0.1141 | Avg: 0.0809 | Samples/s: 1
Step 3610/5000 | Consistency: 0.0479 | Avg: 0.0809 | Samples/s: 1
Step 3620/5000 | Consistency: 0.1557 | Avg: 0.0809 | Samples/s: 1
Step 3630/5000 | Consistency: 0.1066 | Avg: 0.0810 | Samples/s: 1
Step 3640/5000 | Consistency: 0.0938 | Avg: 0.0810 | Samples/s: 1
Step 3650/5000 | Consistency: 0.0711 | Avg: 0.0811 | Samples/s: 1
Step 3660/5000 | Consistency: 0.0805 | Avg: 0.0811 | Samples/s: 1
Step 3670/5000 | Consistency: 0.0678 | Avg: 0.0811 | Samples/s: 1
Step 3680/5000 | Consistency: 0.0802 | Avg: 0.0810 | Samples/s: 1
Step 3690/5000 | Consistency: 0.0571 | Avg: 0.0810 | Samples/s: 1
Step 3700/5000 | Consistency: 0.0667 | Avg: 0.0810 | Samples/s: 1
Step 3710/5000 | Consistency: 0.1181 | Avg: 0.0810 | Samples/s: 1
Step 3720/5000 | Consistency: 0.1629 | Avg: 0.0811 | Samples/s: 1
Step 3730/5000 | Consistency: 0.0763 | Avg: 0.0811 | Samples/s: 1
Step 3740/5000 | Consistency: 0.0559 | Avg: 0.0811 | Samples/s: 1
Step 3750/5000 | Consistency: 0.1509 | Avg: 0.0811 | Samples/s: 1
Step 3760/5000 | Consistency: 0.1188 | Avg: 0.0812 | Samples/s: 1
Step 3770/5000 | Consistency: 0.0625 | Avg: 0.0811 | Samples/s: 1
Step 3780/5000 | Consistency: 0.1326 | Avg: 0.0812 | Samples/s: 1
Step 3790/5000 | Consistency: 0.1155 | Avg: 0.0813 | Samples/s: 1
Step 3800/5000 | Consistency: 0.0650 | Avg: 0.0813 | Samples/s: 1
Step 3810/5000 | Consistency: 0.1070 | Avg: 0.0814 | Samples/s: 1
Step 3820/5000 | Consistency: 0.1061 | Avg: 0.0815 | Samples/s: 1
Step 3830/5000 | Consistency: 0.0797 | Avg: 0.0815 | Samples/s: 1
Step 3840/5000 | Consistency: 0.1347 | Avg: 0.0816 | Samples/s: 1
Step 3850/5000 | Consistency: 0.0995 | Avg: 0.0816 | Samples/s: 1
Step 3860/5000 | Consistency: 0.0821 | Avg: 0.0817 | Samples/s: 1
Step 3870/5000 | Consistency: 0.1001 | Avg: 0.0817 | Samples/s: 1
Step 3880/5000 | Consistency: 0.1448 | Avg: 0.0818 | Samples/s: 1
Step 3890/5000 | Consistency: 0.0806 | Avg: 0.0818 | Samples/s: 1
Step 3900/5000 | Consistency: 0.1144 | Avg: 0.0818 | Samples/s: 1
Step 3910/5000 | Consistency: 0.1199 | Avg: 0.0819 | Samples/s: 1
Step 3920/5000 | Consistency: 0.1686 | Avg: 0.0821 | Samples/s: 1
Step 3930/5000 | Consistency: 0.0795 | Avg: 0.0820 | Samples/s: 1
Step 3940/5000 | Consistency: 0.0943 | Avg: 0.0821 | Samples/s: 1
Step 3950/5000 | Consistency: 0.1378 | Avg: 0.0822 | Samples/s: 1
Step 3960/5000 | Consistency: 0.0798 | Avg: 0.0822 | Samples/s: 1
Step 3970/5000 | Consistency: 0.1287 | Avg: 0.0823 | Samples/s: 1
Step 3980/5000 | Consistency: 0.0888 | Avg: 0.0824 | Samples/s: 1
Step 3990/5000 | Consistency: 0.0663 | Avg: 0.0824 | Samples/s: 1
Step 4000/5000 | Consistency: 0.1161 | Avg: 0.0824 | Samples/s: 1
  → Saved checkpoint: hebbian_step_4000.pt
Step 4010/5000 | Consistency: 0.0739 | Avg: 0.0825 | Samples/s: 1
Step 4020/5000 | Consistency: 0.0753 | Avg: 0.0825 | Samples/s: 1
Step 4030/5000 | Consistency: 0.1017 | Avg: 0.0825 | Samples/s: 1
Step 4040/5000 | Consistency: 0.1295 | Avg: 0.0825 | Samples/s: 1
Step 4050/5000 | Consistency: 0.0771 | Avg: 0.0825 | Samples/s: 1
Step 4060/5000 | Consistency: 0.0795 | Avg: 0.0825 | Samples/s: 1
Step 4070/5000 | Consistency: 0.1679 | Avg: 0.0826 | Samples/s: 1
Step 4080/5000 | Consistency: 0.0959 | Avg: 0.0826 | Samples/s: 1
Step 4090/5000 | Consistency: 0.0464 | Avg: 0.0826 | Samples/s: 1
Step 4100/5000 | Consistency: 0.1750 | Avg: 0.0826 | Samples/s: 1
Step 4110/5000 | Consistency: 0.1262 | Avg: 0.0828 | Samples/s: 1
Step 4120/5000 | Consistency: 0.0890 | Avg: 0.0828 | Samples/s: 1
Step 4130/5000 | Consistency: 0.1282 | Avg: 0.0829 | Samples/s: 1
Step 4140/5000 | Consistency: 0.1054 | Avg: 0.0831 | Samples/s: 1
Step 4150/5000 | Consistency: 0.0899 | Avg: 0.0832 | Samples/s: 1
Step 4160/5000 | Consistency: 0.1749 | Avg: 0.0832 | Samples/s: 1
Step 4170/5000 | Consistency: 0.0883 | Avg: 0.0834 | Samples/s: 1
Step 4180/5000 | Consistency: 0.0853 | Avg: 0.0835 | Samples/s: 1
Step 4190/5000 | Consistency: 0.1241 | Avg: 0.0835 | Samples/s: 1
Step 4200/5000 | Consistency: 0.1811 | Avg: 0.0836 | Samples/s: 1
Step 4210/5000 | Consistency: 0.0860 | Avg: 0.0836 | Samples/s: 1
Step 4220/5000 | Consistency: 0.0639 | Avg: 0.0835 | Samples/s: 1
Step 4230/5000 | Consistency: 0.1870 | Avg: 0.0836 | Samples/s: 1
Step 4240/5000 | Consistency: 0.1328 | Avg: 0.0837 | Samples/s: 1
Step 4250/5000 | Consistency: 0.0911 | Avg: 0.0837 | Samples/s: 1
Step 4260/5000 | Consistency: 0.1001 | Avg: 0.0838 | Samples/s: 1
Step 4270/5000 | Consistency: 0.1299 | Avg: 0.0839 | Samples/s: 1
Step 4280/5000 | Consistency: 0.0689 | Avg: 0.0839 | Samples/s: 1
Step 4290/5000 | Consistency: 0.0693 | Avg: 0.0838 | Samples/s: 1
Step 4300/5000 | Consistency: 0.0573 | Avg: 0.0838 | Samples/s: 1
Step 4310/5000 | Consistency: 0.0758 | Avg: 0.0838 | Samples/s: 1
Step 4320/5000 | Consistency: 0.1413 | Avg: 0.0838 | Samples/s: 1
Step 4330/5000 | Consistency: 0.0761 | Avg: 0.0839 | Samples/s: 1
Step 4340/5000 | Consistency: 0.0777 | Avg: 0.0839 | Samples/s: 1
Step 4350/5000 | Consistency: 0.1126 | Avg: 0.0839 | Samples/s: 1
Step 4360/5000 | Consistency: 0.1944 | Avg: 0.0841 | Samples/s: 1
Step 4370/5000 | Consistency: 0.0756 | Avg: 0.0840 | Samples/s: 1
Step 4380/5000 | Consistency: 0.0996 | Avg: 0.0840 | Samples/s: 1
Step 4390/5000 | Consistency: 0.1464 | Avg: 0.0841 | Samples/s: 1
Step 4400/5000 | Consistency: 0.0967 | Avg: 0.0841 | Samples/s: 1
Step 4410/5000 | Consistency: 0.0680 | Avg: 0.0841 | Samples/s: 1
Step 4420/5000 | Consistency: 0.2030 | Avg: 0.0842 | Samples/s: 1
Step 4430/5000 | Consistency: 0.1015 | Avg: 0.0843 | Samples/s: 1
Step 4440/5000 | Consistency: 0.0949 | Avg: 0.0844 | Samples/s: 1
Step 4450/5000 | Consistency: 0.1623 | Avg: 0.0845 | Samples/s: 1
Step 4460/5000 | Consistency: 0.0865 | Avg: 0.0847 | Samples/s: 1
Step 4470/5000 | Consistency: 0.0791 | Avg: 0.0847 | Samples/s: 1
Step 4480/5000 | Consistency: 0.2164 | Avg: 0.0848 | Samples/s: 1
Step 4490/5000 | Consistency: 0.0573 | Avg: 0.0849 | Samples/s: 1
Step 4500/5000 | Consistency: 0.0760 | Avg: 0.0849 | Samples/s: 1
  → Saved checkpoint: hebbian_step_4500.pt
Step 4510/5000 | Consistency: 0.1179 | Avg: 0.0849 | Samples/s: 1
Step 4520/5000 | Consistency: 0.2535 | Avg: 0.0851 | Samples/s: 1
Step 4530/5000 | Consistency: 0.0962 | Avg: 0.0851 | Samples/s: 1
Step 4540/5000 | Consistency: 0.1239 | Avg: 0.0852 | Samples/s: 1
Step 4550/5000 | Consistency: 0.1983 | Avg: 0.0853 | Samples/s: 1
Step 4560/5000 | Consistency: 0.1436 | Avg: 0.0854 | Samples/s: 1
Step 4570/5000 | Consistency: 0.0525 | Avg: 0.0854 | Samples/s: 1
Step 4580/5000 | Consistency: 0.1471 | Avg: 0.0854 | Samples/s: 1
Step 4590/5000 | Consistency: 0.1183 | Avg: 0.0855 | Samples/s: 1
Step 4600/5000 | Consistency: 0.0888 | Avg: 0.0856 | Samples/s: 1
Step 4610/5000 | Consistency: 0.1631 | Avg: 0.0857 | Samples/s: 1
Step 4620/5000 | Consistency: 0.0879 | Avg: 0.0859 | Samples/s: 1
Step 4630/5000 | Consistency: 0.0848 | Avg: 0.0859 | Samples/s: 1
Step 4640/5000 | Consistency: 0.2184 | Avg: 0.0860 | Samples/s: 1
Step 4650/5000 | Consistency: 0.0854 | Avg: 0.0861 | Samples/s: 1
Step 4660/5000 | Consistency: 0.0723 | Avg: 0.0861 | Samples/s: 1
Step 4670/5000 | Consistency: 0.0812 | Avg: 0.0861 | Samples/s: 1
Step 4680/5000 | Consistency: 0.2438 | Avg: 0.0863 | Samples/s: 1
Step 4690/5000 | Consistency: 0.0798 | Avg: 0.0863 | Samples/s: 1
Step 4700/5000 | Consistency: 0.0916 | Avg: 0.0863 | Samples/s: 1
Step 4710/5000 | Consistency: 0.1689 | Avg: 0.0864 | Samples/s: 1
Step 4720/5000 | Consistency: 0.1261 | Avg: 0.0864 | Samples/s: 1
Step 4730/5000 | Consistency: 0.0680 | Avg: 0.0864 | Samples/s: 1
Step 4740/5000 | Consistency: 0.1271 | Avg: 0.0865 | Samples/s: 1
Step 4750/5000 | Consistency: 0.0788 | Avg: 0.0865 | Samples/s: 1
Step 4760/5000 | Consistency: 0.0829 | Avg: 0.0865 | Samples/s: 1
Step 4770/5000 | Consistency: 0.1304 | Avg: 0.0865 | Samples/s: 1
Step 4780/5000 | Consistency: 0.0793 | Avg: 0.0866 | Samples/s: 1
Step 4790/5000 | Consistency: 0.0838 | Avg: 0.0866 | Samples/s: 1
Step 4800/5000 | Consistency: 0.1961 | Avg: 0.0867 | Samples/s: 1
Step 4810/5000 | Consistency: 0.0520 | Avg: 0.0867 | Samples/s: 1
Step 4820/5000 | Consistency: 0.0678 | Avg: 0.0867 | Samples/s: 1
Step 4830/5000 | Consistency: 0.0888 | Avg: 0.0867 | Samples/s: 1
Step 4840/5000 | Consistency: 0.1479 | Avg: 0.0867 | Samples/s: 1
Step 4850/5000 | Consistency: 0.0732 | Avg: 0.0867 | Samples/s: 1
Step 4860/5000 | Consistency: 0.0749 | Avg: 0.0867 | Samples/s: 1
Step 4870/5000 | Consistency: 0.2044 | Avg: 0.0868 | Samples/s: 1
Step 4880/5000 | Consistency: 0.1279 | Avg: 0.0868 | Samples/s: 1
Step 4890/5000 | Consistency: 0.0819 | Avg: 0.0868 | Samples/s: 1
Step 4900/5000 | Consistency: 0.1643 | Avg: 0.0869 | Samples/s: 1
Step 4910/5000 | Consistency: 0.1003 | Avg: 0.0870 | Samples/s: 1
Step 4920/5000 | Consistency: 0.0890 | Avg: 0.0870 | Samples/s: 1
Step 4930/5000 | Consistency: 0.0956 | Avg: 0.0870 | Samples/s: 1
Step 4940/5000 | Consistency: 0.1470 | Avg: 0.0871 | Samples/s: 1
Step 4950/5000 | Consistency: 0.0677 | Avg: 0.0872 | Samples/s: 1
Step 4960/5000 | Consistency: 0.0972 | Avg: 0.0871 | Samples/s: 1
Step 4970/5000 | Consistency: 0.0668 | Avg: 0.0872 | Samples/s: 1
Step 4980/5000 | Consistency: 0.0761 | Avg: 0.0872 | Samples/s: 1
Step 4990/5000 | Consistency: 0.1057 | Avg: 0.0871 | Samples/s: 1
Step 5000/5000 | Consistency: 0.1362 | Avg: 0.0872 | Samples/s: 1
  → Saved checkpoint: hebbian_step_5000.pt

============================================================
Hebbian Training Complete!
  Final model: output_model_b_phase2/hebbian_model.pt
  Steps: 5000
  Final avg consistency loss: 0.0872
============================================================
