
============================================================
π/2 Hebbian Training Setup
============================================================
GPU: Tesla P40 (23.9GB)

Model: 1.57B (2304h, 24L)
π/2 Model Created
  Parameters: 1,681,224,192
  Hidden: 2304
  Layers: 24
  Heads: 18
  Weight std (expected): 0.012732
  Weight std (actual):   0.012736
  π/2 = 1.570796

Applying π/2 phase quantization...
  Magnitude params: 1,831,993,344
  Memory estimate: 7328.0 MB

Resuming from: /home/keeg/pi2_training/output_model_a/checkpoints/hebbian_step_1000(Phase1A).pt
  Loaded checkpoint from step 1000
  Previous avg loss: 0.1033

GPU memory used: 9.21 GB

Loading data: /home/keeg/pi2_training/Phase3(A-RedPill)/phase2_all_combined.jsonl

============================================================
Starting π/2 Hebbian Training
============================================================
Learning rate: 0.001
Steps: 5000
Rotation angles: [0.0, 1.570796, 3.141593, 4.712389]
============================================================

Step 10/5000 | Consistency: 0.0888 | Avg: 0.0719 | Samples/s: 1
Step 20/5000 | Consistency: 0.1018 | Avg: 0.0859 | Samples/s: 1
Step 30/5000 | Consistency: 0.1255 | Avg: 0.0958 | Samples/s: 1
Step 40/5000 | Consistency: 0.0365 | Avg: 0.0857 | Samples/s: 1
Step 50/5000 | Consistency: 0.0464 | Avg: 0.0762 | Samples/s: 1
Step 60/5000 | Consistency: 0.1035 | Avg: 0.0764 | Samples/s: 1
Step 70/5000 | Consistency: 0.1483 | Avg: 0.0838 | Samples/s: 1
Step 80/5000 | Consistency: 0.1158 | Avg: 0.0858 | Samples/s: 1
Step 90/5000 | Consistency: 0.1204 | Avg: 0.0845 | Samples/s: 1
Step 100/5000 | Consistency: 0.1149 | Avg: 0.0906 | Samples/s: 1
Step 110/5000 | Consistency: 0.1269 | Avg: 0.0926 | Samples/s: 1
Step 120/5000 | Consistency: 0.1292 | Avg: 0.0949 | Samples/s: 1
Step 130/5000 | Consistency: 0.0858 | Avg: 0.0964 | Samples/s: 1
Step 140/5000 | Consistency: 0.1183 | Avg: 0.0977 | Samples/s: 1
Step 150/5000 | Consistency: 0.1458 | Avg: 0.0999 | Samples/s: 1
Step 160/5000 | Consistency: 0.2087 | Avg: 0.1044 | Samples/s: 1
Step 170/5000 | Consistency: 0.0963 | Avg: 0.1067 | Samples/s: 1
Step 180/5000 | Consistency: 0.0853 | Avg: 0.1067 | Samples/s: 1
Step 190/5000 | Consistency: 0.1314 | Avg: 0.1068 | Samples/s: 1
Step 200/5000 | Consistency: 0.2293 | Avg: 0.1107 | Samples/s: 1
Step 210/5000 | Consistency: 0.1093 | Avg: 0.1112 | Samples/s: 1
Step 220/5000 | Consistency: 0.0831 | Avg: 0.1115 | Samples/s: 1
Step 230/5000 | Consistency: 0.2126 | Avg: 0.1126 | Samples/s: 1
Step 240/5000 | Consistency: 0.2140 | Avg: 0.1148 | Samples/s: 1
Step 250/5000 | Consistency: 0.0255 | Avg: 0.1126 | Samples/s: 1
Step 260/5000 | Consistency: 0.2155 | Avg: 0.1118 | Samples/s: 1
Step 270/5000 | Consistency: 0.1252 | Avg: 0.1130 | Samples/s: 1
Step 280/5000 | Consistency: 0.1228 | Avg: 0.1119 | Samples/s: 1
Step 290/5000 | Consistency: 0.0900 | Avg: 0.1095 | Samples/s: 1
Step 300/5000 | Consistency: 0.0586 | Avg: 0.1105 | Samples/s: 1
Step 310/5000 | Consistency: 0.1171 | Avg: 0.1094 | Samples/s: 1
Step 320/5000 | Consistency: 0.0395 | Avg: 0.1076 | Samples/s: 1
Step 330/5000 | Consistency: 0.0345 | Avg: 0.1077 | Samples/s: 1
Step 340/5000 | Consistency: 0.0333 | Avg: 0.1060 | Samples/s: 1
Step 350/5000 | Consistency: 0.0271 | Avg: 0.1039 | Samples/s: 1
Step 360/5000 | Consistency: 0.2017 | Avg: 0.1038 | Samples/s: 1
Step 370/5000 | Consistency: 0.0307 | Avg: 0.1024 | Samples/s: 1
Step 380/5000 | Consistency: 0.0240 | Avg: 0.1009 | Samples/s: 1
Step 390/5000 | Consistency: 0.1326 | Avg: 0.0998 | Samples/s: 1
Step 400/5000 | Consistency: 0.0891 | Avg: 0.0992 | Samples/s: 1
Step 410/5000 | Consistency: 0.0220 | Avg: 0.0980 | Samples/s: 1
Step 420/5000 | Consistency: 0.0361 | Avg: 0.0963 | Samples/s: 1
Step 430/5000 | Consistency: 0.0769 | Avg: 0.0954 | Samples/s: 1
Step 440/5000 | Consistency: 0.0844 | Avg: 0.0947 | Samples/s: 1
Step 450/5000 | Consistency: 0.0354 | Avg: 0.0933 | Samples/s: 1
Step 460/5000 | Consistency: 0.0348 | Avg: 0.0929 | Samples/s: 1
Step 470/5000 | Consistency: 0.0425 | Avg: 0.0917 | Samples/s: 1
Step 480/5000 | Consistency: 0.0354 | Avg: 0.0905 | Samples/s: 1
Step 490/5000 | Consistency: 0.0305 | Avg: 0.0896 | Samples/s: 1
Step 500/5000 | Consistency: 0.0289 | Avg: 0.0886 | Samples/s: 1
  → Saved checkpoint: hebbian_step_500.pt
Step 510/5000 | Consistency: 0.0335 | Avg: 0.0875 | Samples/s: 1
Step 520/5000 | Consistency: 0.1361 | Avg: 0.0869 | Samples/s: 1
Step 530/5000 | Consistency: 0.0294 | Avg: 0.0860 | Samples/s: 1
Step 540/5000 | Consistency: 0.0253 | Avg: 0.0851 | Samples/s: 1
Step 550/5000 | Consistency: 0.0535 | Avg: 0.0842 | Samples/s: 1
Step 560/5000 | Consistency: 0.0666 | Avg: 0.0836 | Samples/s: 1
Step 570/5000 | Consistency: 0.0244 | Avg: 0.0827 | Samples/s: 1
Step 580/5000 | Consistency: 0.0350 | Avg: 0.0818 | Samples/s: 1
Step 590/5000 | Consistency: 0.0427 | Avg: 0.0811 | Samples/s: 1
Step 600/5000 | Consistency: 0.0647 | Avg: 0.0805 | Samples/s: 1
Step 610/5000 | Consistency: 0.0280 | Avg: 0.0796 | Samples/s: 1
Step 620/5000 | Consistency: 0.0349 | Avg: 0.0789 | Samples/s: 1
Step 630/5000 | Consistency: 0.0385 | Avg: 0.0782 | Samples/s: 1
Step 640/5000 | Consistency: 0.0390 | Avg: 0.0775 | Samples/s: 1
Step 650/5000 | Consistency: 0.0284 | Avg: 0.0768 | Samples/s: 1
Step 660/5000 | Consistency: 0.0342 | Avg: 0.0762 | Samples/s: 1
Step 670/5000 | Consistency: 0.0339 | Avg: 0.0756 | Samples/s: 1
Step 680/5000 | Consistency: 0.0482 | Avg: 0.0750 | Samples/s: 1
Step 690/5000 | Consistency: 0.0275 | Avg: 0.0745 | Samples/s: 1
Step 700/5000 | Consistency: 0.0295 | Avg: 0.0739 | Samples/s: 1
Step 710/5000 | Consistency: 0.0388 | Avg: 0.0734 | Samples/s: 1
Step 720/5000 | Consistency: 0.0676 | Avg: 0.0730 | Samples/s: 1
Step 730/5000 | Consistency: 0.0296 | Avg: 0.0724 | Samples/s: 1
Step 740/5000 | Consistency: 0.0302 | Avg: 0.0719 | Samples/s: 1
Step 750/5000 | Consistency: 0.0436 | Avg: 0.0715 | Samples/s: 1
Step 760/5000 | Consistency: 0.0437 | Avg: 0.0710 | Samples/s: 1
Step 770/5000 | Consistency: 0.0419 | Avg: 0.0705 | Samples/s: 1
Step 780/5000 | Consistency: 0.0483 | Avg: 0.0703 | Samples/s: 1
Step 790/5000 | Consistency: 0.0399 | Avg: 0.0700 | Samples/s: 1
Step 800/5000 | Consistency: 0.0615 | Avg: 0.0697 | Samples/s: 1
Step 810/5000 | Consistency: 0.0272 | Avg: 0.0692 | Samples/s: 1
Step 820/5000 | Consistency: 0.0242 | Avg: 0.0688 | Samples/s: 1
Step 830/5000 | Consistency: 0.0338 | Avg: 0.0683 | Samples/s: 1
Step 840/5000 | Consistency: 0.0432 | Avg: 0.0679 | Samples/s: 1
Step 850/5000 | Consistency: 0.0247 | Avg: 0.0676 | Samples/s: 1
Step 860/5000 | Consistency: 0.0338 | Avg: 0.0672 | Samples/s: 1
Step 870/5000 | Consistency: 0.0402 | Avg: 0.0668 | Samples/s: 1
Step 880/5000 | Consistency: 0.0737 | Avg: 0.0667 | Samples/s: 1
Step 890/5000 | Consistency: 0.0361 | Avg: 0.0663 | Samples/s: 1
Step 900/5000 | Consistency: 0.0343 | Avg: 0.0660 | Samples/s: 1
Step 910/5000 | Consistency: 0.0536 | Avg: 0.0658 | Samples/s: 1
Step 920/5000 | Consistency: 0.0466 | Avg: 0.0655 | Samples/s: 1
Step 930/5000 | Consistency: 0.0337 | Avg: 0.0652 | Samples/s: 1
Step 940/5000 | Consistency: 0.0418 | Avg: 0.0649 | Samples/s: 1
Step 950/5000 | Consistency: 0.0366 | Avg: 0.0647 | Samples/s: 1
Step 960/5000 | Consistency: 0.0676 | Avg: 0.0645 | Samples/s: 1
