
============================================================
π/2 Hebbian Training Setup
============================================================
GPU: Tesla P40 (23.9GB)

Model: 1.57B (2304h, 24L)
π/2 Model Created
  Parameters: 1,681,224,192
  Hidden: 2304
  Layers: 24
  Heads: 18
  Weight std (expected): 0.012732
  Weight std (actual):   0.012731
  π/2 = 1.570796

Applying π/2 phase quantization...
  Magnitude params: 1,831,993,344
  Memory estimate: 7328.0 MB

Resuming from: output_model_a/checkpoints/hebbian_step_5000A.pt
  Loaded checkpoint from step 5000
  Previous avg loss: 0.0978

GPU memory used: 9.16 GB

Loading data: Training PI/Phase2(A-TalkSmart)/pi_encoded_phase2.jsonl

============================================================
Starting π/2 Hebbian Training
============================================================
Learning rate: 0.001
Steps: 5000
Rotation angles: [0.0, 1.570796, 3.141593, 4.712389]
============================================================

Step 10/5000 | Consistency: 0.1152 | Avg: 0.0773 | Samples/s: 0
Step 20/5000 | Consistency: 0.1295 | Avg: 0.1040 | Samples/s: 0
Step 30/5000 | Consistency: 0.1305 | Avg: 0.1130 | Samples/s: 0
Step 40/5000 | Consistency: 0.0396 | Avg: 0.0994 | Samples/s: 0
Step 50/5000 | Consistency: 0.0394 | Avg: 0.0872 | Samples/s: 0
Step 60/5000 | Consistency: 0.1248 | Avg: 0.0860 | Samples/s: 0
Step 70/5000 | Consistency: 0.1558 | Avg: 0.0936 | Samples/s: 0
Step 80/5000 | Consistency: 0.1299 | Avg: 0.0963 | Samples/s: 0
Step 90/5000 | Consistency: 0.0859 | Avg: 0.0917 | Samples/s: 0
Step 100/5000 | Consistency: 0.1184 | Avg: 0.0954 | Samples/s: 0
Step 110/5000 | Consistency: 0.1082 | Avg: 0.0963 | Samples/s: 0
Step 120/5000 | Consistency: 0.1330 | Avg: 0.0978 | Samples/s: 0
Step 130/5000 | Consistency: 0.1360 | Avg: 0.0997 | Samples/s: 0
Step 140/5000 | Consistency: 0.1007 | Avg: 0.1018 | Samples/s: 0
Step 150/5000 | Consistency: 0.1176 | Avg: 0.1021 | Samples/s: 0
Step 160/5000 | Consistency: 0.2005 | Avg: 0.1046 | Samples/s: 1
Step 170/5000 | Consistency: 0.0733 | Avg: 0.1066 | Samples/s: 1
Step 180/5000 | Consistency: 0.0603 | Avg: 0.1055 | Samples/s: 1
Step 190/5000 | Consistency: 0.1191 | Avg: 0.1043 | Samples/s: 1
Step 200/5000 | Consistency: 0.2511 | Avg: 0.1102 | Samples/s: 1
Step 210/5000 | Consistency: 0.0686 | Avg: 0.1095 | Samples/s: 1
Step 220/5000 | Consistency: 0.0392 | Avg: 0.1081 | Samples/s: 1
Step 230/5000 | Consistency: 0.2235 | Avg: 0.1094 | Samples/s: 1
Step 240/5000 | Consistency: 0.1906 | Avg: 0.1110 | Samples/s: 1
Step 250/5000 | Consistency: 0.0177 | Avg: 0.1083 | Samples/s: 1
Step 260/5000 | Consistency: 0.2121 | Avg: 0.1071 | Samples/s: 1
Step 270/5000 | Consistency: 0.1199 | Avg: 0.1086 | Samples/s: 1
Step 280/5000 | Consistency: 0.1121 | Avg: 0.1074 | Samples/s: 1
Step 290/5000 | Consistency: 0.0788 | Avg: 0.1050 | Samples/s: 1
Step 300/5000 | Consistency: 0.0481 | Avg: 0.1055 | Samples/s: 1
Step 310/5000 | Consistency: 0.0678 | Avg: 0.1038 | Samples/s: 1
Step 320/5000 | Consistency: 0.0326 | Avg: 0.1017 | Samples/s: 1
Step 330/5000 | Consistency: 0.0332 | Avg: 0.1016 | Samples/s: 1
Step 340/5000 | Consistency: 0.0259 | Avg: 0.1000 | Samples/s: 1
Step 350/5000 | Consistency: 0.0235 | Avg: 0.0979 | Samples/s: 1
Step 360/5000 | Consistency: 0.1936 | Avg: 0.0977 | Samples/s: 1
Step 370/5000 | Consistency: 0.0272 | Avg: 0.0963 | Samples/s: 1
Step 380/5000 | Consistency: 0.0213 | Avg: 0.0948 | Samples/s: 1
Step 390/5000 | Consistency: 0.0983 | Avg: 0.0935 | Samples/s: 1
Step 400/5000 | Consistency: 0.0752 | Avg: 0.0928 | Samples/s: 1
Step 410/5000 | Consistency: 0.0193 | Avg: 0.0916 | Samples/s: 1
Step 420/5000 | Consistency: 0.0353 | Avg: 0.0901 | Samples/s: 1
Step 430/5000 | Consistency: 0.0752 | Avg: 0.0893 | Samples/s: 1
Step 440/5000 | Consistency: 0.0888 | Avg: 0.0887 | Samples/s: 1
Step 450/5000 | Consistency: 0.0289 | Avg: 0.0874 | Samples/s: 1
Step 460/5000 | Consistency: 0.0321 | Avg: 0.0866 | Samples/s: 1
Step 470/5000 | Consistency: 0.0470 | Avg: 0.0856 | Samples/s: 1
Step 480/5000 | Consistency: 0.0340 | Avg: 0.0845 | Samples/s: 1
Step 490/5000 | Consistency: 0.0257 | Avg: 0.0834 | Samples/s: 1
Step 500/5000 | Consistency: 0.0285 | Avg: 0.0824 | Samples/s: 1
  → Saved checkpoint: hebbian_step_500.pt
Step 510/5000 | Consistency: 0.0302 | Avg: 0.0814 | Samples/s: 1
Step 520/5000 | Consistency: 0.0900 | Avg: 0.0807 | Samples/s: 1
Step 530/5000 | Consistency: 0.0282 | Avg: 0.0798 | Samples/s: 1
Step 540/5000 | Consistency: 0.0243 | Avg: 0.0792 | Samples/s: 1
Step 550/5000 | Consistency: 0.0467 | Avg: 0.0783 | Samples/s: 1
Step 560/5000 | Consistency: 0.0601 | Avg: 0.0777 | Samples/s: 1
Step 570/5000 | Consistency: 0.0240 | Avg: 0.0769 | Samples/s: 1
Step 580/5000 | Consistency: 0.0313 | Avg: 0.0761 | Samples/s: 1
Step 590/5000 | Consistency: 0.0350 | Avg: 0.0754 | Samples/s: 1
Step 600/5000 | Consistency: 0.0745 | Avg: 0.0749 | Samples/s: 1
Step 610/5000 | Consistency: 0.0263 | Avg: 0.0741 | Samples/s: 1
Step 620/5000 | Consistency: 0.0303 | Avg: 0.0734 | Samples/s: 1
Step 630/5000 | Consistency: 0.0379 | Avg: 0.0728 | Samples/s: 1
Step 640/5000 | Consistency: 0.0379 | Avg: 0.0721 | Samples/s: 1
Step 650/5000 | Consistency: 0.0240 | Avg: 0.0714 | Samples/s: 1
Step 660/5000 | Consistency: 0.0330 | Avg: 0.0709 | Samples/s: 1
Step 670/5000 | Consistency: 0.0337 | Avg: 0.0704 | Samples/s: 1
Step 680/5000 | Consistency: 0.0426 | Avg: 0.0699 | Samples/s: 1
Step 690/5000 | Consistency: 0.0252 | Avg: 0.0693 | Samples/s: 1
Step 700/5000 | Consistency: 0.0278 | Avg: 0.0688 | Samples/s: 1
Step 710/5000 | Consistency: 0.0341 | Avg: 0.0683 | Samples/s: 1
Step 720/5000 | Consistency: 0.0711 | Avg: 0.0679 | Samples/s: 1
Step 730/5000 | Consistency: 0.0277 | Avg: 0.0675 | Samples/s: 1
Step 740/5000 | Consistency: 0.0284 | Avg: 0.0670 | Samples/s: 1
Step 750/5000 | Consistency: 0.0437 | Avg: 0.0666 | Samples/s: 1
Step 760/5000 | Consistency: 0.0466 | Avg: 0.0662 | Samples/s: 1
Step 770/5000 | Consistency: 0.0387 | Avg: 0.0657 | Samples/s: 1
Step 780/5000 | Consistency: 0.0506 | Avg: 0.0655 | Samples/s: 1
Step 790/5000 | Consistency: 0.0434 | Avg: 0.0654 | Samples/s: 1
Step 800/5000 | Consistency: 0.0672 | Avg: 0.0651 | Samples/s: 1
Step 810/5000 | Consistency: 0.0257 | Avg: 0.0647 | Samples/s: 1
Step 820/5000 | Consistency: 0.0252 | Avg: 0.0643 | Samples/s: 1
Step 830/5000 | Consistency: 0.0312 | Avg: 0.0639 | Samples/s: 1
Step 840/5000 | Consistency: 0.0457 | Avg: 0.0636 | Samples/s: 1
Step 850/5000 | Consistency: 0.0249 | Avg: 0.0634 | Samples/s: 1
Step 860/5000 | Consistency: 0.0316 | Avg: 0.0630 | Samples/s: 1
Step 870/5000 | Consistency: 0.0447 | Avg: 0.0627 | Samples/s: 1
Step 880/5000 | Consistency: 0.0887 | Avg: 0.0627 | Samples/s: 1
Step 890/5000 | Consistency: 0.0341 | Avg: 0.0623 | Samples/s: 1
Step 900/5000 | Consistency: 0.0357 | Avg: 0.0621 | Samples/s: 1
Step 910/5000 | Consistency: 0.0596 | Avg: 0.0619 | Samples/s: 1
Step 920/5000 | Consistency: 0.0545 | Avg: 0.0617 | Samples/s: 1
Step 930/5000 | Consistency: 0.0343 | Avg: 0.0615 | Samples/s: 1
Step 940/5000 | Consistency: 0.0479 | Avg: 0.0613 | Samples/s: 1
Step 950/5000 | Consistency: 0.0461 | Avg: 0.0612 | Samples/s: 1
Step 960/5000 | Consistency: 0.0663 | Avg: 0.0610 | Samples/s: 1
Step 970/5000 | Consistency: 0.0334 | Avg: 0.0607 | Samples/s: 1
Step 980/5000 | Consistency: 0.0390 | Avg: 0.0606 | Samples/s: 1
Step 990/5000 | Consistency: 0.0447 | Avg: 0.0604 | Samples/s: 1
Step 1000/5000 | Consistency: 0.0442 | Avg: 0.0602 | Samples/s: 1
  → Saved checkpoint: hebbian_step_1000.pt
Step 1010/5000 | Consistency: 0.0330 | Avg: 0.0600 | Samples/s: 1
Step 1020/5000 | Consistency: 0.0333 | Avg: 0.0598 | Samples/s: 1
Step 1030/5000 | Consistency: 0.0434 | Avg: 0.0596 | Samples/s: 1
Step 1040/5000 | Consistency: 0.0882 | Avg: 0.0596 | Samples/s: 1
Step 1050/5000 | Consistency: 0.0327 | Avg: 0.0594 | Samples/s: 1
Step 1060/5000 | Consistency: 0.0339 | Avg: 0.0593 | Samples/s: 1
Step 1070/5000 | Consistency: 0.0490 | Avg: 0.0591 | Samples/s: 1
Step 1080/5000 | Consistency: 0.0583 | Avg: 0.0589 | Samples/s: 1
Step 1090/5000 | Consistency: 0.0333 | Avg: 0.0588 | Samples/s: 1
Step 1100/5000 | Consistency: 0.0502 | Avg: 0.0586 | Samples/s: 1
Step 1110/5000 | Consistency: 0.0492 | Avg: 0.0586 | Samples/s: 1
Step 1120/5000 | Consistency: 0.0685 | Avg: 0.0585 | Samples/s: 1
Step 1130/5000 | Consistency: 0.0396 | Avg: 0.0583 | Samples/s: 1
Step 1140/5000 | Consistency: 0.0453 | Avg: 0.0583 | Samples/s: 1
Step 1150/5000 | Consistency: 0.0605 | Avg: 0.0582 | Samples/s: 1
Step 1160/5000 | Consistency: 0.0529 | Avg: 0.0582 | Samples/s: 1
Step 1170/5000 | Consistency: 0.0366 | Avg: 0.0580 | Samples/s: 1
Step 1180/5000 | Consistency: 0.0368 | Avg: 0.0578 | Samples/s: 1
Step 1190/5000 | Consistency: 0.0376 | Avg: 0.0577 | Samples/s: 1
Step 1200/5000 | Consistency: 0.0637 | Avg: 0.0576 | Samples/s: 1
Step 1210/5000 | Consistency: 0.0361 | Avg: 0.0575 | Samples/s: 1
Step 1220/5000 | Consistency: 0.0366 | Avg: 0.0574 | Samples/s: 1
Step 1230/5000 | Consistency: 0.0638 | Avg: 0.0573 | Samples/s: 1
Step 1240/5000 | Consistency: 0.0671 | Avg: 0.0573 | Samples/s: 1
Step 1250/5000 | Consistency: 0.0302 | Avg: 0.0572 | Samples/s: 1
Step 1260/5000 | Consistency: 0.0366 | Avg: 0.0570 | Samples/s: 1
Step 1270/5000 | Consistency: 0.0454 | Avg: 0.0569 | Samples/s: 1
Step 1280/5000 | Consistency: 0.0676 | Avg: 0.0568 | Samples/s: 1
Step 1290/5000 | Consistency: 0.0377 | Avg: 0.0567 | Samples/s: 1
Step 1300/5000 | Consistency: 0.0440 | Avg: 0.0566 | Samples/s: 1
Step 1310/5000 | Consistency: 0.0570 | Avg: 0.0565 | Samples/s: 1
Step 1320/5000 | Consistency: 0.0420 | Avg: 0.0564 | Samples/s: 1
Step 1330/5000 | Consistency: 0.0332 | Avg: 0.0563 | Samples/s: 1
Step 1340/5000 | Consistency: 0.0398 | Avg: 0.0562 | Samples/s: 1
Step 1350/5000 | Consistency: 0.0399 | Avg: 0.0561 | Samples/s: 1
Step 1360/5000 | Consistency: 0.0661 | Avg: 0.0560 | Samples/s: 1
Step 1370/5000 | Consistency: 0.0380 | Avg: 0.0560 | Samples/s: 1
Step 1380/5000 | Consistency: 0.0335 | Avg: 0.0559 | Samples/s: 1
Step 1390/5000 | Consistency: 0.0462 | Avg: 0.0558 | Samples/s: 1
Step 1400/5000 | Consistency: 0.0498 | Avg: 0.0557 | Samples/s: 1
Step 1410/5000 | Consistency: 0.0389 | Avg: 0.0556 | Samples/s: 1
Step 1420/5000 | Consistency: 0.0414 | Avg: 0.0555 | Samples/s: 1
Step 1430/5000 | Consistency: 0.0397 | Avg: 0.0554 | Samples/s: 1
Step 1440/5000 | Consistency: 0.0668 | Avg: 0.0554 | Samples/s: 1
Step 1450/5000 | Consistency: 0.0375 | Avg: 0.0553 | Samples/s: 1
Step 1460/5000 | Consistency: 0.0366 | Avg: 0.0552 | Samples/s: 1
Step 1470/5000 | Consistency: 0.0531 | Avg: 0.0551 | Samples/s: 1
Step 1480/5000 | Consistency: 0.0558 | Avg: 0.0551 | Samples/s: 1
Step 1490/5000 | Consistency: 0.0362 | Avg: 0.0550 | Samples/s: 1
Step 1500/5000 | Consistency: 0.0464 | Avg: 0.0550 | Samples/s: 1
  → Saved checkpoint: hebbian_step_1500.pt
Step 1510/5000 | Consistency: 0.0446 | Avg: 0.0549 | Samples/s: 1
Step 1520/5000 | Consistency: 0.0896 | Avg: 0.0550 | Samples/s: 1
Step 1530/5000 | Consistency: 0.0443 | Avg: 0.0549 | Samples/s: 1
Step 1540/5000 | Consistency: 0.0422 | Avg: 0.0549 | Samples/s: 1
Step 1550/5000 | Consistency: 0.0538 | Avg: 0.0549 | Samples/s: 1
Step 1560/5000 | Consistency: 0.0538 | Avg: 0.0548 | Samples/s: 1
Step 1570/5000 | Consistency: 0.0403 | Avg: 0.0548 | Samples/s: 1
Step 1580/5000 | Consistency: 0.0309 | Avg: 0.0547 | Samples/s: 1
Step 1590/5000 | Consistency: 0.0391 | Avg: 0.0545 | Samples/s: 1
Step 1600/5000 | Consistency: 0.0575 | Avg: 0.0545 | Samples/s: 1
Step 1610/5000 | Consistency: 0.0409 | Avg: 0.0544 | Samples/s: 1
Step 1620/5000 | Consistency: 0.0373 | Avg: 0.0543 | Samples/s: 1
Step 1630/5000 | Consistency: 0.0581 | Avg: 0.0543 | Samples/s: 1
Step 1640/5000 | Consistency: 0.0543 | Avg: 0.0543 | Samples/s: 1
Step 1650/5000 | Consistency: 0.0324 | Avg: 0.0542 | Samples/s: 1
Step 1660/5000 | Consistency: 0.0436 | Avg: 0.0541 | Samples/s: 1
Step 1670/5000 | Consistency: 0.0500 | Avg: 0.0541 | Samples/s: 1
Step 1680/5000 | Consistency: 0.0652 | Avg: 0.0541 | Samples/s: 1
Step 1690/5000 | Consistency: 0.0426 | Avg: 0.0540 | Samples/s: 1
Step 1700/5000 | Consistency: 0.0356 | Avg: 0.0540 | Samples/s: 1
Step 1710/5000 | Consistency: 0.0370 | Avg: 0.0539 | Samples/s: 1
Step 1720/5000 | Consistency: 0.0486 | Avg: 0.0538 | Samples/s: 1
Step 1730/5000 | Consistency: 0.0470 | Avg: 0.0538 | Samples/s: 1
Step 1740/5000 | Consistency: 0.0447 | Avg: 0.0537 | Samples/s: 1
Step 1750/5000 | Consistency: 0.0438 | Avg: 0.0537 | Samples/s: 1
Step 1760/5000 | Consistency: 0.0794 | Avg: 0.0537 | Samples/s: 1
Step 1770/5000 | Consistency: 0.0314 | Avg: 0.0536 | Samples/s: 1
Step 1780/5000 | Consistency: 0.0352 | Avg: 0.0535 | Samples/s: 1
Step 1790/5000 | Consistency: 0.0562 | Avg: 0.0535 | Samples/s: 1
Step 1800/5000 | Consistency: 0.0519 | Avg: 0.0535 | Samples/s: 1
Step 1810/5000 | Consistency: 0.0324 | Avg: 0.0534 | Samples/s: 1
Step 1820/5000 | Consistency: 0.0441 | Avg: 0.0533 | Samples/s: 1
Step 1830/5000 | Consistency: 0.0415 | Avg: 0.0533 | Samples/s: 1
Step 1840/5000 | Consistency: 0.0566 | Avg: 0.0532 | Samples/s: 1
Step 1850/5000 | Consistency: 0.0399 | Avg: 0.0531 | Samples/s: 1
Step 1860/5000 | Consistency: 0.0624 | Avg: 0.0532 | Samples/s: 1
Step 1870/5000 | Consistency: 0.0693 | Avg: 0.0532 | Samples/s: 1
Step 1880/5000 | Consistency: 0.0668 | Avg: 0.0532 | Samples/s: 1
Step 1890/5000 | Consistency: 0.0523 | Avg: 0.0533 | Samples/s: 1
Step 1900/5000 | Consistency: 0.0387 | Avg: 0.0532 | Samples/s: 1
Step 1910/5000 | Consistency: 0.0468 | Avg: 0.0532 | Samples/s: 1
Step 1920/5000 | Consistency: 0.0714 | Avg: 0.0532 | Samples/s: 1
Step 1930/5000 | Consistency: 0.0315 | Avg: 0.0531 | Samples/s: 1
Step 1940/5000 | Consistency: 0.0344 | Avg: 0.0530 | Samples/s: 1
Step 1950/5000 | Consistency: 0.0504 | Avg: 0.0530 | Samples/s: 1
Step 1960/5000 | Consistency: 0.0624 | Avg: 0.0530 | Samples/s: 1
Step 1970/5000 | Consistency: 0.0367 | Avg: 0.0530 | Samples/s: 1
Step 1980/5000 | Consistency: 0.0530 | Avg: 0.0530 | Samples/s: 1
Step 1990/5000 | Consistency: 0.0439 | Avg: 0.0530 | Samples/s: 1
Step 2000/5000 | Consistency: 0.0489 | Avg: 0.0529 | Samples/s: 1
  → Saved checkpoint: hebbian_step_2000.pt
Step 2010/5000 | Consistency: 0.0402 | Avg: 0.0528 | Samples/s: 1
Step 2020/5000 | Consistency: 0.0451 | Avg: 0.0528 | Samples/s: 1
Step 2030/5000 | Consistency: 0.0441 | Avg: 0.0528 | Samples/s: 1
Step 2040/5000 | Consistency: 0.0462 | Avg: 0.0527 | Samples/s: 1
Step 2050/5000 | Consistency: 0.0498 | Avg: 0.0527 | Samples/s: 1
Step 2060/5000 | Consistency: 0.0367 | Avg: 0.0526 | Samples/s: 1
Step 2070/5000 | Consistency: 0.0447 | Avg: 0.0526 | Samples/s: 1
Step 2080/5000 | Consistency: 0.0693 | Avg: 0.0526 | Samples/s: 1
Step 2090/5000 | Consistency: 0.0352 | Avg: 0.0526 | Samples/s: 1
Step 2100/5000 | Consistency: 0.0404 | Avg: 0.0525 | Samples/s: 1
Step 2110/5000 | Consistency: 0.0635 | Avg: 0.0525 | Samples/s: 1
Step 2120/5000 | Consistency: 0.0611 | Avg: 0.0526 | Samples/s: 1
Step 2130/5000 | Consistency: 0.0356 | Avg: 0.0525 | Samples/s: 1
Step 2140/5000 | Consistency: 0.0512 | Avg: 0.0525 | Samples/s: 1
Step 2150/5000 | Consistency: 0.0465 | Avg: 0.0525 | Samples/s: 1
Step 2160/5000 | Consistency: 0.0488 | Avg: 0.0525 | Samples/s: 1
Step 2170/5000 | Consistency: 0.0445 | Avg: 0.0524 | Samples/s: 1
Step 2180/5000 | Consistency: 0.0533 | Avg: 0.0524 | Samples/s: 1
Step 2190/5000 | Consistency: 0.0449 | Avg: 0.0524 | Samples/s: 1
Step 2200/5000 | Consistency: 0.0551 | Avg: 0.0524 | Samples/s: 1
Step 2210/5000 | Consistency: 0.0585 | Avg: 0.0524 | Samples/s: 1
Step 2220/5000 | Consistency: 0.0415 | Avg: 0.0524 | Samples/s: 1
Step 2230/5000 | Consistency: 0.0392 | Avg: 0.0523 | Samples/s: 1
Step 2240/5000 | Consistency: 0.0702 | Avg: 0.0523 | Samples/s: 1
Step 2250/5000 | Consistency: 0.0381 | Avg: 0.0523 | Samples/s: 1
Step 2260/5000 | Consistency: 0.0458 | Avg: 0.0523 | Samples/s: 1
Step 2270/5000 | Consistency: 0.0693 | Avg: 0.0523 | Samples/s: 1
Step 2280/5000 | Consistency: 0.0582 | Avg: 0.0524 | Samples/s: 1
Step 2290/5000 | Consistency: 0.0414 | Avg: 0.0524 | Samples/s: 1
Step 2300/5000 | Consistency: 0.0612 | Avg: 0.0524 | Samples/s: 1
Step 2310/5000 | Consistency: 0.0502 | Avg: 0.0524 | Samples/s: 1
Step 2320/5000 | Consistency: 0.0551 | Avg: 0.0524 | Samples/s: 1
Step 2330/5000 | Consistency: 0.0441 | Avg: 0.0523 | Samples/s: 1
Step 2340/5000 | Consistency: 0.0433 | Avg: 0.0524 | Samples/s: 1
Step 2350/5000 | Consistency: 0.0434 | Avg: 0.0523 | Samples/s: 1
Step 2360/5000 | Consistency: 0.0488 | Avg: 0.0523 | Samples/s: 1
Step 2370/5000 | Consistency: 0.0605 | Avg: 0.0523 | Samples/s: 1
Step 2380/5000 | Consistency: 0.0530 | Avg: 0.0523 | Samples/s: 1
Step 2390/5000 | Consistency: 0.0515 | Avg: 0.0523 | Samples/s: 1
Step 2400/5000 | Consistency: 0.1072 | Avg: 0.0524 | Samples/s: 1
Step 2410/5000 | Consistency: 0.0377 | Avg: 0.0524 | Samples/s: 1
Step 2420/5000 | Consistency: 0.0397 | Avg: 0.0523 | Samples/s: 1
Step 2430/5000 | Consistency: 0.0631 | Avg: 0.0523 | Samples/s: 1
Step 2440/5000 | Consistency: 0.0829 | Avg: 0.0524 | Samples/s: 1
Step 2450/5000 | Consistency: 0.0465 | Avg: 0.0525 | Samples/s: 1
Step 2460/5000 | Consistency: 0.0779 | Avg: 0.0526 | Samples/s: 1
Step 2470/5000 | Consistency: 0.0516 | Avg: 0.0527 | Samples/s: 1
Step 2480/5000 | Consistency: 0.0617 | Avg: 0.0526 | Samples/s: 1
Step 2490/5000 | Consistency: 0.0450 | Avg: 0.0526 | Samples/s: 1
Step 2500/5000 | Consistency: 0.0490 | Avg: 0.0527 | Samples/s: 1
  → Saved checkpoint: hebbian_step_2500.pt
Step 2510/5000 | Consistency: 0.0452 | Avg: 0.0526 | Samples/s: 1
Step 2520/5000 | Consistency: 0.0612 | Avg: 0.0526 | Samples/s: 1
Step 2530/5000 | Consistency: 0.0702 | Avg: 0.0527 | Samples/s: 1
Step 2540/5000 | Consistency: 0.0505 | Avg: 0.0527 | Samples/s: 1
Step 2550/5000 | Consistency: 0.0596 | Avg: 0.0527 | Samples/s: 1
Step 2560/5000 | Consistency: 0.1153 | Avg: 0.0528 | Samples/s: 1
Step 2570/5000 | Consistency: 0.0324 | Avg: 0.0528 | Samples/s: 1
Step 2580/5000 | Consistency: 0.0370 | Avg: 0.0527 | Samples/s: 1
Step 2590/5000 | Consistency: 0.0692 | Avg: 0.0527 | Samples/s: 1
Step 2600/5000 | Consistency: 0.0626 | Avg: 0.0527 | Samples/s: 1
Step 2610/5000 | Consistency: 0.0442 | Avg: 0.0527 | Samples/s: 1
Step 2620/5000 | Consistency: 0.0616 | Avg: 0.0527 | Samples/s: 1
Step 2630/5000 | Consistency: 0.0430 | Avg: 0.0527 | Samples/s: 1
Step 2640/5000 | Consistency: 0.0627 | Avg: 0.0527 | Samples/s: 1
Step 2650/5000 | Consistency: 0.0382 | Avg: 0.0527 | Samples/s: 1
Step 2660/5000 | Consistency: 0.0463 | Avg: 0.0527 | Samples/s: 1
Step 2670/5000 | Consistency: 0.0505 | Avg: 0.0526 | Samples/s: 1
Step 2680/5000 | Consistency: 0.0566 | Avg: 0.0526 | Samples/s: 1
Step 2690/5000 | Consistency: 0.0634 | Avg: 0.0526 | Samples/s: 1
Step 2700/5000 | Consistency: 0.0553 | Avg: 0.0527 | Samples/s: 1
Step 2710/5000 | Consistency: 0.0563 | Avg: 0.0527 | Samples/s: 1
Step 2720/5000 | Consistency: 0.1095 | Avg: 0.0527 | Samples/s: 1
Step 2730/5000 | Consistency: 0.0405 | Avg: 0.0527 | Samples/s: 1
Step 2740/5000 | Consistency: 0.0514 | Avg: 0.0527 | Samples/s: 1
Step 2750/5000 | Consistency: 0.0905 | Avg: 0.0528 | Samples/s: 1
Step 2760/5000 | Consistency: 0.0581 | Avg: 0.0528 | Samples/s: 1
Step 2770/5000 | Consistency: 0.0441 | Avg: 0.0528 | Samples/s: 1
Step 2780/5000 | Consistency: 0.0601 | Avg: 0.0528 | Samples/s: 1
Step 2790/5000 | Consistency: 0.0837 | Avg: 0.0529 | Samples/s: 1
Step 2800/5000 | Consistency: 0.1471 | Avg: 0.0531 | Samples/s: 1
Step 2810/5000 | Consistency: 0.0770 | Avg: 0.0532 | Samples/s: 1
Step 2820/5000 | Consistency: 0.0427 | Avg: 0.0533 | Samples/s: 1
Step 2830/5000 | Consistency: 0.0462 | Avg: 0.0532 | Samples/s: 1
Step 2840/5000 | Consistency: 0.0566 | Avg: 0.0532 | Samples/s: 1
Step 2850/5000 | Consistency: 0.0469 | Avg: 0.0532 | Samples/s: 1
Step 2860/5000 | Consistency: 0.0385 | Avg: 0.0532 | Samples/s: 1
Step 2870/5000 | Consistency: 0.0463 | Avg: 0.0532 | Samples/s: 1
Step 2880/5000 | Consistency: 0.0857 | Avg: 0.0532 | Samples/s: 1
Step 2890/5000 | Consistency: 0.0330 | Avg: 0.0532 | Samples/s: 1
Step 2900/5000 | Consistency: 0.0393 | Avg: 0.0531 | Samples/s: 1
Step 2910/5000 | Consistency: 0.0563 | Avg: 0.0531 | Samples/s: 1
Step 2920/5000 | Consistency: 0.0642 | Avg: 0.0531 | Samples/s: 1
Step 2930/5000 | Consistency: 0.0410 | Avg: 0.0531 | Samples/s: 1
Step 2940/5000 | Consistency: 0.0565 | Avg: 0.0531 | Samples/s: 1
Step 2950/5000 | Consistency: 0.0614 | Avg: 0.0532 | Samples/s: 1
Step 2960/5000 | Consistency: 0.0672 | Avg: 0.0532 | Samples/s: 1
Step 2970/5000 | Consistency: 0.0439 | Avg: 0.0532 | Samples/s: 1
Step 2980/5000 | Consistency: 0.0490 | Avg: 0.0532 | Samples/s: 1
Step 2990/5000 | Consistency: 0.0527 | Avg: 0.0532 | Samples/s: 1
Step 3000/5000 | Consistency: 0.0609 | Avg: 0.0532 | Samples/s: 1
  → Saved checkpoint: hebbian_step_3000.pt
Step 3010/5000 | Consistency: 0.0473 | Avg: 0.0532 | Samples/s: 1
Step 3020/5000 | Consistency: 0.0334 | Avg: 0.0531 | Samples/s: 1
Step 3030/5000 | Consistency: 0.0538 | Avg: 0.0531 | Samples/s: 1
Step 3040/5000 | Consistency: 0.0831 | Avg: 0.0531 | Samples/s: 1
Step 3050/5000 | Consistency: 0.0554 | Avg: 0.0532 | Samples/s: 1
Step 3060/5000 | Consistency: 0.0548 | Avg: 0.0532 | Samples/s: 1
Step 3070/5000 | Consistency: 0.1042 | Avg: 0.0533 | Samples/s: 1
Step 3080/5000 | Consistency: 0.0568 | Avg: 0.0533 | Samples/s: 1
Step 3090/5000 | Consistency: 0.0441 | Avg: 0.0533 | Samples/s: 1
Step 3100/5000 | Consistency: 0.0613 | Avg: 0.0533 | Samples/s: 1
Step 3110/5000 | Consistency: 0.0560 | Avg: 0.0534 | Samples/s: 1
Step 3120/5000 | Consistency: 0.0840 | Avg: 0.0534 | Samples/s: 1
Step 3130/5000 | Consistency: 0.0549 | Avg: 0.0534 | Samples/s: 1
Step 3140/5000 | Consistency: 0.0557 | Avg: 0.0535 | Samples/s: 1
Step 3150/5000 | Consistency: 0.0522 | Avg: 0.0535 | Samples/s: 1
Step 3160/5000 | Consistency: 0.0710 | Avg: 0.0535 | Samples/s: 1
Step 3170/5000 | Consistency: 0.0415 | Avg: 0.0535 | Samples/s: 1
Step 3180/5000 | Consistency: 0.0439 | Avg: 0.0534 | Samples/s: 1
Step 3190/5000 | Consistency: 0.0462 | Avg: 0.0534 | Samples/s: 1
Step 3200/5000 | Consistency: 0.0675 | Avg: 0.0534 | Samples/s: 1
Step 3210/5000 | Consistency: 0.0433 | Avg: 0.0534 | Samples/s: 1
Step 3220/5000 | Consistency: 0.0511 | Avg: 0.0534 | Samples/s: 1
Step 3230/5000 | Consistency: 0.0876 | Avg: 0.0534 | Samples/s: 1
Step 3240/5000 | Consistency: 0.0666 | Avg: 0.0535 | Samples/s: 1
Step 3250/5000 | Consistency: 0.0437 | Avg: 0.0535 | Samples/s: 1
Step 3260/5000 | Consistency: 0.0582 | Avg: 0.0535 | Samples/s: 1
Step 3270/5000 | Consistency: 0.0503 | Avg: 0.0535 | Samples/s: 1
Step 3280/5000 | Consistency: 0.0544 | Avg: 0.0535 | Samples/s: 1
Step 3290/5000 | Consistency: 0.0410 | Avg: 0.0535 | Samples/s: 1
Step 3300/5000 | Consistency: 0.0624 | Avg: 0.0535 | Samples/s: 1
Step 3310/5000 | Consistency: 0.0743 | Avg: 0.0535 | Samples/s: 1
Step 3320/5000 | Consistency: 0.0853 | Avg: 0.0536 | Samples/s: 1
Step 3330/5000 | Consistency: 0.0711 | Avg: 0.0537 | Samples/s: 1
Step 3340/5000 | Consistency: 0.0570 | Avg: 0.0537 | Samples/s: 1
Step 3350/5000 | Consistency: 0.0711 | Avg: 0.0537 | Samples/s: 1
Step 3360/5000 | Consistency: 0.1364 | Avg: 0.0538 | Samples/s: 1
Step 3370/5000 | Consistency: 0.0329 | Avg: 0.0538 | Samples/s: 1
Step 3380/5000 | Consistency: 0.0415 | Avg: 0.0538 | Samples/s: 1
Step 3390/5000 | Consistency: 0.0556 | Avg: 0.0538 | Samples/s: 1
Step 3400/5000 | Consistency: 0.0521 | Avg: 0.0538 | Samples/s: 1
Step 3410/5000 | Consistency: 0.0381 | Avg: 0.0537 | Samples/s: 1
Step 3420/5000 | Consistency: 0.0557 | Avg: 0.0537 | Samples/s: 1
Step 3430/5000 | Consistency: 0.0685 | Avg: 0.0538 | Samples/s: 1
Step 3440/5000 | Consistency: 0.0882 | Avg: 0.0538 | Samples/s: 1
Step 3450/5000 | Consistency: 0.0610 | Avg: 0.0538 | Samples/s: 1
Step 3460/5000 | Consistency: 0.0465 | Avg: 0.0539 | Samples/s: 1
Step 3470/5000 | Consistency: 0.0512 | Avg: 0.0539 | Samples/s: 1
Step 3480/5000 | Consistency: 0.0650 | Avg: 0.0539 | Samples/s: 1
Step 3490/5000 | Consistency: 0.0490 | Avg: 0.0539 | Samples/s: 1
Step 3500/5000 | Consistency: 0.0388 | Avg: 0.0539 | Samples/s: 1
  → Saved checkpoint: hebbian_step_3500.pt
Step 3510/5000 | Consistency: 0.0511 | Avg: 0.0538 | Samples/s: 1
Step 3520/5000 | Consistency: 0.1037 | Avg: 0.0539 | Samples/s: 1
Step 3530/5000 | Consistency: 0.0413 | Avg: 0.0539 | Samples/s: 1
Step 3540/5000 | Consistency: 0.0476 | Avg: 0.0539 | Samples/s: 1
Step 3550/5000 | Consistency: 0.0777 | Avg: 0.0539 | Samples/s: 1
Step 3560/5000 | Consistency: 0.0602 | Avg: 0.0539 | Samples/s: 1
Step 3570/5000 | Consistency: 0.0419 | Avg: 0.0539 | Samples/s: 1
Step 3580/5000 | Consistency: 0.0666 | Avg: 0.0539 | Samples/s: 1
Step 3590/5000 | Consistency: 0.0505 | Avg: 0.0540 | Samples/s: 1
Step 3600/5000 | Consistency: 0.0547 | Avg: 0.0540 | Samples/s: 1
Step 3610/5000 | Consistency: 0.0459 | Avg: 0.0539 | Samples/s: 1
Step 3620/5000 | Consistency: 0.0555 | Avg: 0.0540 | Samples/s: 1
Step 3630/5000 | Consistency: 0.0563 | Avg: 0.0539 | Samples/s: 1
Step 3640/5000 | Consistency: 0.0697 | Avg: 0.0539 | Samples/s: 1
Step 3650/5000 | Consistency: 0.0511 | Avg: 0.0540 | Samples/s: 1
Step 3660/5000 | Consistency: 0.0347 | Avg: 0.0540 | Samples/s: 1
Step 3670/5000 | Consistency: 0.0484 | Avg: 0.0539 | Samples/s: 1
Step 3680/5000 | Consistency: 0.0680 | Avg: 0.0539 | Samples/s: 1
Step 3690/5000 | Consistency: 0.0329 | Avg: 0.0539 | Samples/s: 1
Step 3700/5000 | Consistency: 0.0432 | Avg: 0.0539 | Samples/s: 1
Step 3710/5000 | Consistency: 0.0723 | Avg: 0.0539 | Samples/s: 1
Step 3720/5000 | Consistency: 0.0503 | Avg: 0.0539 | Samples/s: 1
Step 3730/5000 | Consistency: 0.0365 | Avg: 0.0538 | Samples/s: 1
Step 3740/5000 | Consistency: 0.0580 | Avg: 0.0538 | Samples/s: 1
Step 3750/5000 | Consistency: 0.0513 | Avg: 0.0538 | Samples/s: 1
Step 3760/5000 | Consistency: 0.0673 | Avg: 0.0538 | Samples/s: 1
Step 3770/5000 | Consistency: 0.0475 | Avg: 0.0538 | Samples/s: 1
Step 3780/5000 | Consistency: 0.0635 | Avg: 0.0539 | Samples/s: 1
Step 3790/5000 | Consistency: 0.0625 | Avg: 0.0539 | Samples/s: 1
Step 3800/5000 | Consistency: 0.0675 | Avg: 0.0539 | Samples/s: 1
Step 3810/5000 | Consistency: 0.0631 | Avg: 0.0540 | Samples/s: 1
Step 3820/5000 | Consistency: 0.0489 | Avg: 0.0540 | Samples/s: 1
Step 3830/5000 | Consistency: 0.0560 | Avg: 0.0540 | Samples/s: 1
Step 3840/5000 | Consistency: 0.1125 | Avg: 0.0540 | Samples/s: 1
Step 3850/5000 | Consistency: 0.0344 | Avg: 0.0540 | Samples/s: 1
Step 3860/5000 | Consistency: 0.0432 | Avg: 0.0540 | Samples/s: 1
Step 3870/5000 | Consistency: 0.0973 | Avg: 0.0540 | Samples/s: 1
Step 3880/5000 | Consistency: 0.0522 | Avg: 0.0540 | Samples/s: 1
Step 3890/5000 | Consistency: 0.0402 | Avg: 0.0540 | Samples/s: 1
Step 3900/5000 | Consistency: 0.0673 | Avg: 0.0540 | Samples/s: 1
Step 3910/5000 | Consistency: 0.0389 | Avg: 0.0540 | Samples/s: 1
Step 3920/5000 | Consistency: 0.0554 | Avg: 0.0540 | Samples/s: 1
Step 3930/5000 | Consistency: 0.0514 | Avg: 0.0540 | Samples/s: 1
Step 3940/5000 | Consistency: 0.0501 | Avg: 0.0540 | Samples/s: 1
Step 3950/5000 | Consistency: 0.0541 | Avg: 0.0540 | Samples/s: 1
Step 3960/5000 | Consistency: 0.0723 | Avg: 0.0540 | Samples/s: 1
Step 3970/5000 | Consistency: 0.0527 | Avg: 0.0540 | Samples/s: 1
Step 3980/5000 | Consistency: 0.0446 | Avg: 0.0540 | Samples/s: 1
Step 3990/5000 | Consistency: 0.0485 | Avg: 0.0540 | Samples/s: 1
Step 4000/5000 | Consistency: 0.1100 | Avg: 0.0540 | Samples/s: 1
  → Saved checkpoint: hebbian_step_4000.pt
Step 4010/5000 | Consistency: 0.0364 | Avg: 0.0540 | Samples/s: 1
Step 4020/5000 | Consistency: 0.0380 | Avg: 0.0540 | Samples/s: 1
Step 4030/5000 | Consistency: 0.0867 | Avg: 0.0540 | Samples/s: 1
Step 4040/5000 | Consistency: 0.0547 | Avg: 0.0540 | Samples/s: 1
Step 4050/5000 | Consistency: 0.0373 | Avg: 0.0540 | Samples/s: 1
Step 4060/5000 | Consistency: 0.0630 | Avg: 0.0540 | Samples/s: 1
Step 4070/5000 | Consistency: 0.0452 | Avg: 0.0540 | Samples/s: 1
Step 4080/5000 | Consistency: 0.0789 | Avg: 0.0540 | Samples/s: 1
Step 4090/5000 | Consistency: 0.0514 | Avg: 0.0540 | Samples/s: 1
Step 4100/5000 | Consistency: 0.0616 | Avg: 0.0540 | Samples/s: 1
Step 4110/5000 | Consistency: 0.0857 | Avg: 0.0541 | Samples/s: 1
Step 4120/5000 | Consistency: 0.0694 | Avg: 0.0541 | Samples/s: 1
Step 4130/5000 | Consistency: 0.0660 | Avg: 0.0542 | Samples/s: 1
Step 4140/5000 | Consistency: 0.0564 | Avg: 0.0542 | Samples/s: 1
Step 4150/5000 | Consistency: 0.0527 | Avg: 0.0542 | Samples/s: 1
Step 4160/5000 | Consistency: 0.1229 | Avg: 0.0542 | Samples/s: 1
Step 4170/5000 | Consistency: 0.0436 | Avg: 0.0543 | Samples/s: 1
Step 4180/5000 | Consistency: 0.0428 | Avg: 0.0543 | Samples/s: 1
Step 4190/5000 | Consistency: 0.0959 | Avg: 0.0543 | Samples/s: 1
Step 4200/5000 | Consistency: 0.0567 | Avg: 0.0543 | Samples/s: 1
Step 4210/5000 | Consistency: 0.0432 | Avg: 0.0543 | Samples/s: 1
Step 4220/5000 | Consistency: 0.0681 | Avg: 0.0543 | Samples/s: 1
Step 4230/5000 | Consistency: 0.0688 | Avg: 0.0544 | Samples/s: 1
Step 4240/5000 | Consistency: 0.0853 | Avg: 0.0544 | Samples/s: 1
Step 4250/5000 | Consistency: 0.0698 | Avg: 0.0544 | Samples/s: 1
Step 4260/5000 | Consistency: 0.0552 | Avg: 0.0545 | Samples/s: 1
Step 4270/5000 | Consistency: 0.0594 | Avg: 0.0545 | Samples/s: 1
Step 4280/5000 | Consistency: 0.0558 | Avg: 0.0545 | Samples/s: 1
Step 4290/5000 | Consistency: 0.0497 | Avg: 0.0545 | Samples/s: 1
Step 4300/5000 | Consistency: 0.0464 | Avg: 0.0545 | Samples/s: 1
Step 4310/5000 | Consistency: 0.0518 | Avg: 0.0545 | Samples/s: 1
Step 4320/5000 | Consistency: 0.1156 | Avg: 0.0545 | Samples/s: 1
Step 4330/5000 | Consistency: 0.0388 | Avg: 0.0545 | Samples/s: 1
Step 4340/5000 | Consistency: 0.0393 | Avg: 0.0545 | Samples/s: 1
Step 4350/5000 | Consistency: 0.0862 | Avg: 0.0545 | Samples/s: 1
Step 4360/5000 | Consistency: 0.0538 | Avg: 0.0545 | Samples/s: 1
Step 4370/5000 | Consistency: 0.0398 | Avg: 0.0545 | Samples/s: 1
Step 4380/5000 | Consistency: 0.0713 | Avg: 0.0545 | Samples/s: 1
Step 4390/5000 | Consistency: 0.0557 | Avg: 0.0546 | Samples/s: 1
Step 4400/5000 | Consistency: 0.0603 | Avg: 0.0546 | Samples/s: 1
Step 4410/5000 | Consistency: 0.0525 | Avg: 0.0545 | Samples/s: 1
Step 4420/5000 | Consistency: 0.0756 | Avg: 0.0546 | Samples/s: 1
Step 4430/5000 | Consistency: 0.0804 | Avg: 0.0546 | Samples/s: 1
Step 4440/5000 | Consistency: 0.0744 | Avg: 0.0546 | Samples/s: 1
Step 4450/5000 | Consistency: 0.0706 | Avg: 0.0547 | Samples/s: 1
Step 4460/5000 | Consistency: 0.0519 | Avg: 0.0547 | Samples/s: 1
Step 4470/5000 | Consistency: 0.0560 | Avg: 0.0547 | Samples/s: 1
Step 4480/5000 | Consistency: 0.1263 | Avg: 0.0548 | Samples/s: 1
Step 4490/5000 | Consistency: 0.0375 | Avg: 0.0548 | Samples/s: 1
Step 4500/5000 | Consistency: 0.0505 | Avg: 0.0548 | Samples/s: 1
  → Saved checkpoint: hebbian_step_4500.pt
Step 4510/5000 | Consistency: 0.0931 | Avg: 0.0548 | Samples/s: 1
Step 4520/5000 | Consistency: 0.0650 | Avg: 0.0549 | Samples/s: 1
Step 4530/5000 | Consistency: 0.0442 | Avg: 0.0549 | Samples/s: 1
Step 4540/5000 | Consistency: 0.0892 | Avg: 0.0549 | Samples/s: 1
Step 4550/5000 | Consistency: 0.0468 | Avg: 0.0550 | Samples/s: 1
Step 4560/5000 | Consistency: 0.0665 | Avg: 0.0549 | Samples/s: 1
Step 4570/5000 | Consistency: 0.0496 | Avg: 0.0549 | Samples/s: 1
Step 4580/5000 | Consistency: 0.0691 | Avg: 0.0550 | Samples/s: 1
Step 4590/5000 | Consistency: 0.0619 | Avg: 0.0550 | Samples/s: 1
Step 4600/5000 | Consistency: 0.0667 | Avg: 0.0550 | Samples/s: 1
Step 4610/5000 | Consistency: 0.0843 | Avg: 0.0550 | Samples/s: 1
Step 4620/5000 | Consistency: 0.0567 | Avg: 0.0551 | Samples/s: 1
Step 4630/5000 | Consistency: 0.0594 | Avg: 0.0551 | Samples/s: 1
Step 4640/5000 | Consistency: 0.1443 | Avg: 0.0552 | Samples/s: 1
Step 4650/5000 | Consistency: 0.0343 | Avg: 0.0551 | Samples/s: 1
Step 4660/5000 | Consistency: 0.0400 | Avg: 0.0551 | Samples/s: 1
Step 4670/5000 | Consistency: 0.0791 | Avg: 0.0551 | Samples/s: 1
Step 4680/5000 | Consistency: 0.0660 | Avg: 0.0552 | Samples/s: 1
Step 4690/5000 | Consistency: 0.0489 | Avg: 0.0552 | Samples/s: 1
Step 4700/5000 | Consistency: 0.0785 | Avg: 0.0552 | Samples/s: 1
Step 4710/5000 | Consistency: 0.0758 | Avg: 0.0553 | Samples/s: 1
Step 4720/5000 | Consistency: 0.0679 | Avg: 0.0553 | Samples/s: 1
Step 4730/5000 | Consistency: 0.0582 | Avg: 0.0553 | Samples/s: 1
Step 4740/5000 | Consistency: 0.0625 | Avg: 0.0553 | Samples/s: 1
Step 4750/5000 | Consistency: 0.0516 | Avg: 0.0553 | Samples/s: 1
Step 4760/5000 | Consistency: 0.0695 | Avg: 0.0553 | Samples/s: 1
Step 4770/5000 | Consistency: 0.0889 | Avg: 0.0554 | Samples/s: 1
Step 4780/5000 | Consistency: 0.0434 | Avg: 0.0554 | Samples/s: 1
Step 4790/5000 | Consistency: 0.0537 | Avg: 0.0554 | Samples/s: 1
Step 4800/5000 | Consistency: 0.1283 | Avg: 0.0554 | Samples/s: 1
Step 4810/5000 | Consistency: 0.0321 | Avg: 0.0555 | Samples/s: 1
Step 4820/5000 | Consistency: 0.0418 | Avg: 0.0554 | Samples/s: 1
Step 4830/5000 | Consistency: 0.0891 | Avg: 0.0554 | Samples/s: 1
Step 4840/5000 | Consistency: 0.0713 | Avg: 0.0555 | Samples/s: 1
Step 4850/5000 | Consistency: 0.0444 | Avg: 0.0555 | Samples/s: 1
Step 4860/5000 | Consistency: 0.0724 | Avg: 0.0555 | Samples/s: 1
Step 4870/5000 | Consistency: 0.0815 | Avg: 0.0556 | Samples/s: 1
Step 4880/5000 | Consistency: 0.0900 | Avg: 0.0556 | Samples/s: 1
Step 4890/5000 | Consistency: 0.0692 | Avg: 0.0556 | Samples/s: 1
Step 4900/5000 | Consistency: 0.0678 | Avg: 0.0557 | Samples/s: 1
Step 4910/5000 | Consistency: 0.0631 | Avg: 0.0557 | Samples/s: 1
Step 4920/5000 | Consistency: 0.0679 | Avg: 0.0557 | Samples/s: 1
Step 4930/5000 | Consistency: 0.0802 | Avg: 0.0557 | Samples/s: 1
Step 4940/5000 | Consistency: 0.0412 | Avg: 0.0557 | Samples/s: 1
Step 4950/5000 | Consistency: 0.0415 | Avg: 0.0557 | Samples/s: 1
Step 4960/5000 | Consistency: 0.1085 | Avg: 0.0557 | Samples/s: 1
Step 4970/5000 | Consistency: 0.0409 | Avg: 0.0558 | Samples/s: 1
Step 4980/5000 | Consistency: 0.0467 | Avg: 0.0558 | Samples/s: 1
Step 4990/5000 | Consistency: 0.1013 | Avg: 0.0558 | Samples/s: 1
Step 5000/5000 | Consistency: 0.0562 | Avg: 0.0558 | Samples/s: 1
  → Saved checkpoint: hebbian_step_5000.pt

============================================================
Hebbian Training Complete!
  Final model: output_model_a_phase2/hebbian_model.pt
  Steps: 5000
  Final avg consistency loss: 0.0558
============================================================
